Using pre-set license
Built from '2020.2/release' branch; Version is '2020.2.1f1 (270dd8c3da1c) revision 2559448'; Using compiler version '192528614'; Build Type 'Release'
OS: 'Windows 10  (10.0.0) 64bit' Language: 'en' Physical Memory: 16332 MB
BatchMode: 1, IsHumanControllingUs: 0, StartBugReporterOnCrash: 0, Is64bit: 1, IsPro: 0

 COMMAND LINE ARGUMENTS:
C:\Program Files\Unity\Hub\Editor\2020.2.1f1\Editor\Unity.exe
-adb2
-batchMode
-noUpm
-name
AssetImportWorker1
-projectPath
C:/Users/Ajay/Desktop/Game Jam/Low-Resolution-Game-Jam
-logFile
Logs/AssetImportWorker1.log
-srvPort
62671
Successfully changed project path to: C:/Users/Ajay/Desktop/Game Jam/Low-Resolution-Game-Jam
C:/Users/Ajay/Desktop/Game Jam/Low-Resolution-Game-Jam
Using Asset Import Pipeline V2.
Refreshing native plugins compatible for Editor in 27.86 ms, found 0 plugins.
Preloading 0 native plugins for Editor in 0.00 ms.
Initialize engine version: 2020.2.1f1 (270dd8c3da1c)
[Subsystems] Discovering subsystems at path C:/Program Files/Unity/Hub/Editor/2020.2.1f1/Editor/Data/Resources/UnitySubsystems
[Subsystems] Discovering subsystems at path C:/Users/Ajay/Desktop/Game Jam/Low-Resolution-Game-Jam/Assets
GfxDevice: creating device client; threaded=0
Direct3D:
    Version:  Direct3D 11.0 [level 11.1]
    Renderer: NVIDIA GeForce RTX 2070 SUPER (ID=0x1e84)
    Vendor:   
    VRAM:     8011 MB
    Driver:   30.0.14.7111
Initialize mono
Mono path[0] = 'C:/Program Files/Unity/Hub/Editor/2020.2.1f1/Editor/Data/Managed'
Mono path[1] = 'C:/Program Files/Unity/Hub/Editor/2020.2.1f1/Editor/Data/MonoBleedingEdge/lib/mono/unityjit'
Mono config path = 'C:/Program Files/Unity/Hub/Editor/2020.2.1f1/Editor/Data/MonoBleedingEdge/etc'
Using monoOptions --debugger-agent=transport=dt_socket,embedding=1,server=y,suspend=n,address=127.0.0.1:56112
Begin MonoManager ReloadAssembly
Registering precompiled unity dll's ...
Register platform support module: C:/Program Files/Unity/Hub/Editor/2020.2.1f1/Editor/Data/PlaybackEngines/WebGLSupport/UnityEditor.WebGL.Extensions.dll
Register platform support module: C:/Program Files/Unity/Hub/Editor/2020.2.1f1/Editor/Data/PlaybackEngines/WindowsStandaloneSupport/UnityEditor.WindowsStandalone.Extensions.dll
Registered in 0.001683 seconds.
Native extension for WindowsStandalone target not found
Native extension for WebGL target not found
Refreshing native plugins compatible for Editor in 29.33 ms, found 0 plugins.
Preloading 0 native plugins for Editor in 0.00 ms.
Invoked RoslynAnalysisRunner static constructor.
RoslynAnalysisRunner will not be running.
RoslynAnalysisRunner has terminated.
Mono: successfully reloaded assembly
- Completed reload, in  1.680 seconds
Platform modules already initialized, skipping
Registering precompiled user dll's ...
Registered in 0.000493 seconds.
Begin MonoManager ReloadAssembly
Native extension for WindowsStandalone target not found
Native extension for WebGL target not found
Refreshing native plugins compatible for Editor in 32.58 ms, found 0 plugins.
Preloading 0 native plugins for Editor in 0.00 ms.
Invoked RoslynAnalysisRunner static constructor.
RoslynAnalysisRunner will not be running.
RoslynAnalysisRunner has terminated.
Mono: successfully reloaded assembly
- Completed reload, in  0.814 seconds
Platform modules already initialized, skipping
========================================================================
Worker process is ready to serve import requests
Launched and connected shader compiler UnityShaderCompiler.exe after 0.05 seconds
Refreshing native plugins compatible for Editor in 0.32 ms, found 0 plugins.
Preloading 0 native plugins for Editor in 0.00 ms.
Unloading 1450 Unused Serialized files (Serialized files now loaded: 0)
System memory in use before: 69.6 MB.
System memory in use after: 69.6 MB.

Unloading 12 unused Assets to reduce memory usage. Loaded Objects now: 1895.
Total: 2.116200 ms (FindLiveObjects: 0.175200 ms CreateObjectMapping: 0.034200 ms MarkObjects: 1.824000 ms  DeleteObjects: 0.081700 ms)

========================================================================
Received Import Request.
  path: Assets/Special Mateirals/EnemyFOV.mat
  artifactKey: Guid(0cce9ce4d4f5ed149b4779e7de5309eb) Importer(815301076,1909f56bfc062723c751e8b465ee728b)
Start importing Assets/Special Mateirals/EnemyFOV.mat using Guid(0cce9ce4d4f5ed149b4779e7de5309eb) Importer(815301076,1909f56bfc062723c751e8b465ee728b)  -> (artifact id: 'c6c5d9e81f0eb0e22cec0fb17c3038f3') in 0.087079 seconds
  Import took 0.089635 seconds .

========================================================================
Received Prepare
Refreshing native plugins compatible for Editor in 0.76 ms, found 0 plugins.
Preloading 0 native plugins for Editor in 0.00 ms.
Unloading 3 Unused Serialized files (Serialized files now loaded: 0)
System memory in use before: 44.4 MB.
System memory in use after: 44.5 MB.

Unloading 3 unused Assets to reduce memory usage. Loaded Objects now: 1935.
Total: 2.267300 ms (FindLiveObjects: 0.164500 ms CreateObjectMapping: 0.031400 ms MarkObjects: 2.037600 ms  DeleteObjects: 0.033100 ms)

========================================================================
Received Prepare
Registering precompiled user dll's ...
Registered in 0.000541 seconds.
Begin MonoManager ReloadAssembly
Native extension for WindowsStandalone target not found
Native extension for WebGL target not found
Refreshing native plugins compatible for Editor in 0.30 ms, found 0 plugins.
Preloading 0 native plugins for Editor in 0.00 ms.
Invoked RoslynAnalysisRunner static constructor.
RoslynAnalysisRunner will not be running.
RoslynAnalysisRunner has terminated.
Mono: successfully reloaded assembly
- Completed reload, in  0.677 seconds
Platform modules already initialized, skipping
Refreshing native plugins compatible for Editor in 0.34 ms, found 0 plugins.
Preloading 0 native plugins for Editor in 0.00 ms.
Unloading 1442 Unused Serialized files (Serialized files now loaded: 0)
System memory in use before: 73.4 MB.
System memory in use after: 73.5 MB.

Unloading 5 unused Assets to reduce memory usage. Loaded Objects now: 1937.
Total: 2.217700 ms (FindLiveObjects: 0.252900 ms CreateObjectMapping: 0.044000 ms MarkObjects: 1.873300 ms  DeleteObjects: 0.046200 ms)

========================================================================
Received Import Request.
  Time since last request: 80.345900 seconds.
  path: Assets/Sprites/seen.png
  artifactKey: Guid(6f8e4a1429eace140a66d0a3ee310e5b) Importer(815301076,1909f56bfc062723c751e8b465ee728b)
Start importing Assets/Sprites/seen.png using Guid(6f8e4a1429eace140a66d0a3ee310e5b) Importer(815301076,1909f56bfc062723c751e8b465ee728b)  -> (artifact id: 'd226ae002338816092d471fa3b6333c2') in 0.173321 seconds
  Import took 0.178333 seconds .

========================================================================
Received Prepare
Registering precompiled user dll's ...
Registered in 0.000619 seconds.
Begin MonoManager ReloadAssembly
Native extension for WindowsStandalone target not found
Native extension for WebGL target not found
Refreshing native plugins compatible for Editor in 0.35 ms, found 0 plugins.
Preloading 0 native plugins for Editor in 0.00 ms.
Invoked RoslynAnalysisRunner static constructor.
RoslynAnalysisRunner will not be running.
RoslynAnalysisRunner has terminated.
Mono: successfully reloaded assembly
- Completed reload, in  0.734 seconds
Platform modules already initialized, skipping
Refreshing native plugins compatible for Editor in 0.33 ms, found 0 plugins.
Preloading 0 native plugins for Editor in 0.00 ms.
Unloading 1442 Unused Serialized files (Serialized files now loaded: 0)
System memory in use before: 73.8 MB.
System memory in use after: 73.9 MB.

Unloading 5 unused Assets to reduce memory usage. Loaded Objects now: 1943.
Total: 1.912000 ms (FindLiveObjects: 0.199200 ms CreateObjectMapping: 0.032800 ms MarkObjects: 1.621600 ms  DeleteObjects: 0.057300 ms)

========================================================================
Received Import Request.
  Time since last request: 10.091227 seconds.
  path: Assets/Sprites/seen.png
  artifactKey: Guid(6f8e4a1429eace140a66d0a3ee310e5b) Importer(815301076,1909f56bfc062723c751e8b465ee728b)
Start importing Assets/Sprites/seen.png using Guid(6f8e4a1429eace140a66d0a3ee310e5b) Importer(815301076,1909f56bfc062723c751e8b465ee728b)  -> (artifact id: '3e3617077a1f4f14f7c16b54ab53d667') in 0.069007 seconds
  Import took 0.074332 seconds .

========================================================================
Received Import Request.
  Time since last request: 52.348885 seconds.
  path: Assets/Sprites/seen_lowrest.png
  artifactKey: Guid(3fa16c3ceebd6f940b2dc60cfa6a3ffd) Importer(815301076,1909f56bfc062723c751e8b465ee728b)
Start importing Assets/Sprites/seen_lowrest.png using Guid(3fa16c3ceebd6f940b2dc60cfa6a3ffd) Importer(815301076,1909f56bfc062723c751e8b465ee728b)  -> (artifact id: 'de8fa99e1137efd38dcdbd18be9e429c') in 0.010873 seconds
  Import took 0.014237 seconds .

========================================================================
Received Import Request.
  Time since last request: 15.943410 seconds.
  path: Assets/Sprites/seen_lowrest.png
  artifactKey: Guid(3fa16c3ceebd6f940b2dc60cfa6a3ffd) Importer(815301076,1909f56bfc062723c751e8b465ee728b)
Start importing Assets/Sprites/seen_lowrest.png using Guid(3fa16c3ceebd6f940b2dc60cfa6a3ffd) Importer(815301076,1909f56bfc062723c751e8b465ee728b)  -> (artifact id: '81f53c10911448f1f59185da5bc1281c') in 0.011177 seconds
  Import took 0.014061 seconds .

========================================================================
Received Import Request.
  Time since last request: 0.004121 seconds.
  path: Assets/Sprites/seen_lowrest.png
  artifactKey: Guid(3fa16c3ceebd6f940b2dc60cfa6a3ffd) Importer(815301076,1909f56bfc062723c751e8b465ee728b)
Start importing Assets/Sprites/seen_lowrest.png using Guid(3fa16c3ceebd6f940b2dc60cfa6a3ffd) Importer(815301076,1909f56bfc062723c751e8b465ee728b)  -> (artifact id: '81f53c10911448f1f59185da5bc1281c') in 0.006081 seconds
  Import took 0.008293 seconds .

========================================================================
Received Prepare
Registering precompiled user dll's ...
Registered in 0.000548 seconds.
Begin MonoManager ReloadAssembly
Native extension for WindowsStandalone target not found
Native extension for WebGL target not found
Refreshing native plugins compatible for Editor in 0.31 ms, found 0 plugins.
Preloading 0 native plugins for Editor in 0.00 ms.
Invoked RoslynAnalysisRunner static constructor.
RoslynAnalysisRunner will not be running.
RoslynAnalysisRunner has terminated.
Mono: successfully reloaded assembly
- Completed reload, in  0.668 seconds
Platform modules already initialized, skipping
Refreshing native plugins compatible for Editor in 0.38 ms, found 0 plugins.
Preloading 0 native plugins for Editor in 0.00 ms.
Unloading 1442 Unused Serialized files (Serialized files now loaded: 0)
System memory in use before: 74.2 MB.
System memory in use after: 74.3 MB.

Unloading 5 unused Assets to reduce memory usage. Loaded Objects now: 1949.
Total: 2.014500 ms (FindLiveObjects: 0.196900 ms CreateObjectMapping: 0.034000 ms MarkObjects: 1.726500 ms  DeleteObjects: 0.055800 ms)

========================================================================
Received Import Request.
  Time since last request: 22.102934 seconds.
  path: Assets/Sprites/seen.png
  artifactKey: Guid(6f8e4a1429eace140a66d0a3ee310e5b) Importer(815301076,1909f56bfc062723c751e8b465ee728b)
Start importing Assets/Sprites/seen.png using Guid(6f8e4a1429eace140a66d0a3ee310e5b) Importer(815301076,1909f56bfc062723c751e8b465ee728b)  -> (artifact id: 'ed932cdb505aceabd0e8a07d05aa9d43') in 0.044657 seconds
  Import took 0.047357 seconds .

========================================================================
Received Prepare
Registering precompiled user dll's ...
Registered in 0.000740 seconds.
Begin MonoManager ReloadAssembly
Native extension for WindowsStandalone target not found
Native extension for WebGL target not found
Refreshing native plugins compatible for Editor in 0.31 ms, found 0 plugins.
Preloading 0 native plugins for Editor in 0.00 ms.
Invoked RoslynAnalysisRunner static constructor.
RoslynAnalysisRunner will not be running.
RoslynAnalysisRunner has terminated.
Mono: successfully reloaded assembly
- Completed reload, in  0.616 seconds
Platform modules already initialized, skipping
Refreshing native plugins compatible for Editor in 0.32 ms, found 0 plugins.
Preloading 0 native plugins for Editor in 0.00 ms.
Unloading 1442 Unused Serialized files (Serialized files now loaded: 0)
System memory in use before: 74.5 MB.
System memory in use after: 74.6 MB.

Unloading 5 unused Assets to reduce memory usage. Loaded Objects now: 1954.
Total: 1.993300 ms (FindLiveObjects: 0.168400 ms CreateObjectMapping: 0.032100 ms MarkObjects: 1.724300 ms  DeleteObjects: 0.067400 ms)

========================================================================
Received Prepare
Registering precompiled user dll's ...
Registered in 0.000497 seconds.
Begin MonoManager ReloadAssembly
Native extension for WindowsStandalone target not found
Native extension for WebGL target not found
Refreshing native plugins compatible for Editor in 0.31 ms, found 0 plugins.
Preloading 0 native plugins for Editor in 0.00 ms.
Invoked RoslynAnalysisRunner static constructor.
RoslynAnalysisRunner will not be running.
RoslynAnalysisRunner has terminated.
Mono: successfully reloaded assembly
- Completed reload, in  0.638 seconds
Platform modules already initialized, skipping
Refreshing native plugins compatible for Editor in 0.30 ms, found 0 plugins.
Preloading 0 native plugins for Editor in 0.00 ms.
Unloading 1442 Unused Serialized files (Serialized files now loaded: 0)
System memory in use before: 73.9 MB.
System memory in use after: 74.0 MB.

Unloading 5 unused Assets to reduce memory usage. Loaded Objects now: 1956.
Total: 2.335200 ms (FindLiveObjects: 0.193900 ms CreateObjectMapping: 0.035000 ms MarkObjects: 2.057900 ms  DeleteObjects: 0.047300 ms)

========================================================================
Received Import Request.
  Time since last request: 69.709642 seconds.
  path: Assets/Sprites/search.png
  artifactKey: Guid(b4866082e8fa7ab47a5d5b8712cbc652) Importer(815301076,1909f56bfc062723c751e8b465ee728b)
Start importing Assets/Sprites/search.png using Guid(b4866082e8fa7ab47a5d5b8712cbc652) Importer(815301076,1909f56bfc062723c751e8b465ee728b)  -> (artifact id: 'f590855250f7146e084c8d2eb740968c') in 0.042969 seconds
  Import took 0.045629 seconds .

========================================================================
Received Import Request.
  Time since last request: 4.782812 seconds.
  path: Assets/Sprites/search.png
  artifactKey: Guid(b4866082e8fa7ab47a5d5b8712cbc652) Importer(815301076,1909f56bfc062723c751e8b465ee728b)
Start importing Assets/Sprites/search.png using Guid(b4866082e8fa7ab47a5d5b8712cbc652) Importer(815301076,1909f56bfc062723c751e8b465ee728b)  -> (artifact id: 'd254639b97092d6f3753800d151e9204') in 0.006604 seconds
  Import took 0.008944 seconds .

========================================================================
Received Import Request.
  Time since last request: 0.006080 seconds.
  path: Assets/Sprites/search.png
  artifactKey: Guid(b4866082e8fa7ab47a5d5b8712cbc652) Importer(815301076,1909f56bfc062723c751e8b465ee728b)
Start importing Assets/Sprites/search.png using Guid(b4866082e8fa7ab47a5d5b8712cbc652) Importer(815301076,1909f56bfc062723c751e8b465ee728b)  -> (artifact id: 'd254639b97092d6f3753800d151e9204') in 0.006673 seconds
  Import took 0.008834 seconds .

========================================================================
Received Import Request.
  Time since last request: 1.926541 seconds.
  path: Assets/Sprites/search.png
  artifactKey: Guid(b4866082e8fa7ab47a5d5b8712cbc652) Importer(815301076,1909f56bfc062723c751e8b465ee728b)
Start importing Assets/Sprites/search.png using Guid(b4866082e8fa7ab47a5d5b8712cbc652) Importer(815301076,1909f56bfc062723c751e8b465ee728b)  -> (artifact id: '52b034d91e36ca29932411ecf1e98337') in 0.006299 seconds
  Import took 0.009082 seconds .

========================================================================
Received Import Request.
  Time since last request: 0.008340 seconds.
  path: Assets/Sprites/search.png
  artifactKey: Guid(b4866082e8fa7ab47a5d5b8712cbc652) Importer(815301076,1909f56bfc062723c751e8b465ee728b)
Start importing Assets/Sprites/search.png using Guid(b4866082e8fa7ab47a5d5b8712cbc652) Importer(815301076,1909f56bfc062723c751e8b465ee728b)  -> (artifact id: '52b034d91e36ca29932411ecf1e98337') in 0.006311 seconds
  Import took 0.008710 seconds .

========================================================================
Received Prepare
Registering precompiled user dll's ...
Registered in 0.000480 seconds.
Begin MonoManager ReloadAssembly
Native extension for WindowsStandalone target not found
Native extension for WebGL target not found
Refreshing native plugins compatible for Editor in 0.32 ms, found 0 plugins.
Preloading 0 native plugins for Editor in 0.00 ms.
Invoked RoslynAnalysisRunner static constructor.
RoslynAnalysisRunner will not be running.
RoslynAnalysisRunner has terminated.
Mono: successfully reloaded assembly
- Completed reload, in  0.663 seconds
Platform modules already initialized, skipping
Refreshing native plugins compatible for Editor in 0.38 ms, found 0 plugins.
Preloading 0 native plugins for Editor in 0.00 ms.
Unloading 1442 Unused Serialized files (Serialized files now loaded: 0)
System memory in use before: 74.3 MB.
System memory in use after: 74.4 MB.

Unloading 5 unused Assets to reduce memory usage. Loaded Objects now: 1961.
Total: 1.783000 ms (FindLiveObjects: 0.188500 ms CreateObjectMapping: 0.034400 ms MarkObjects: 1.517500 ms  DeleteObjects: 0.041400 ms)

========================================================================
Received Import Request.
  Time since last request: 62.128434 seconds.
  path: Assets/Sprites/search.png
  artifactKey: Guid(b4866082e8fa7ab47a5d5b8712cbc652) Importer(815301076,1909f56bfc062723c751e8b465ee728b)
Start importing Assets/Sprites/search.png using Guid(b4866082e8fa7ab47a5d5b8712cbc652) Importer(815301076,1909f56bfc062723c751e8b465ee728b)  -> (artifact id: '6c2ac3e4a63908c5f33fcb5426cbceaa') in 0.043248 seconds
  Import took 0.045944 seconds .

========================================================================
Received Prepare
Registering precompiled user dll's ...
Registered in 0.000728 seconds.
Begin MonoManager ReloadAssembly
Native extension for WindowsStandalone target not found
Native extension for WebGL target not found
Refreshing native plugins compatible for Editor in 0.31 ms, found 0 plugins.
Preloading 0 native plugins for Editor in 0.00 ms.
Invoked RoslynAnalysisRunner static constructor.
RoslynAnalysisRunner will not be running.
RoslynAnalysisRunner has terminated.
Mono: successfully reloaded assembly
- Completed reload, in  0.627 seconds
Platform modules already initialized, skipping
Refreshing native plugins compatible for Editor in 0.33 ms, found 0 plugins.
Preloading 0 native plugins for Editor in 0.00 ms.
Unloading 1442 Unused Serialized files (Serialized files now loaded: 0)
System memory in use before: 74.5 MB.
System memory in use after: 74.6 MB.

Unloading 5 unused Assets to reduce memory usage. Loaded Objects now: 1966.
Total: 1.849400 ms (FindLiveObjects: 0.197600 ms CreateObjectMapping: 0.038000 ms MarkObjects: 1.573000 ms  DeleteObjects: 0.040000 ms)

========================================================================
Received Prepare
Registering precompiled user dll's ...
Registered in 0.000529 seconds.
Begin MonoManager ReloadAssembly
Native extension for WindowsStandalone target not found
Native extension for WebGL target not found
Refreshing native plugins compatible for Editor in 0.31 ms, found 0 plugins.
Preloading 0 native plugins for Editor in 0.00 ms.
Invoked RoslynAnalysisRunner static constructor.
RoslynAnalysisRunner will not be running.
RoslynAnalysisRunner has terminated.
Mono: successfully reloaded assembly
- Completed reload, in  0.670 seconds
Platform modules already initialized, skipping
Refreshing native plugins compatible for Editor in 0.31 ms, found 0 plugins.
Preloading 0 native plugins for Editor in 0.00 ms.
Unloading 1442 Unused Serialized files (Serialized files now loaded: 0)
System memory in use before: 74.0 MB.
System memory in use after: 74.1 MB.

Unloading 5 unused Assets to reduce memory usage. Loaded Objects now: 1968.
Total: 2.336400 ms (FindLiveObjects: 0.171800 ms CreateObjectMapping: 0.034200 ms MarkObjects: 2.086100 ms  DeleteObjects: 0.043300 ms)

========================================================================
Received Prepare
Registering precompiled user dll's ...
Registered in 0.000574 seconds.
Begin MonoManager ReloadAssembly
Native extension for WindowsStandalone target not found
Native extension for WebGL target not found
Refreshing native plugins compatible for Editor in 0.29 ms, found 0 plugins.
Preloading 0 native plugins for Editor in 0.00 ms.
Invoked RoslynAnalysisRunner static constructor.
RoslynAnalysisRunner will not be running.
RoslynAnalysisRunner has terminated.
Mono: successfully reloaded assembly
- Completed reload, in  0.633 seconds
Platform modules already initialized, skipping
Refreshing native plugins compatible for Editor in 0.32 ms, found 0 plugins.
Preloading 0 native plugins for Editor in 0.00 ms.
Unloading 1442 Unused Serialized files (Serialized files now loaded: 0)
System memory in use before: 74.3 MB.
System memory in use after: 74.4 MB.

Unloading 5 unused Assets to reduce memory usage. Loaded Objects now: 1970.
Total: 1.861700 ms (FindLiveObjects: 0.196900 ms CreateObjectMapping: 0.032400 ms MarkObjects: 1.575400 ms  DeleteObjects: 0.055800 ms)

========================================================================
Received Prepare
Registering precompiled user dll's ...
Registered in 0.000534 seconds.
Begin MonoManager ReloadAssembly
Native extension for WindowsStandalone target not found
Native extension for WebGL target not found
Refreshing native plugins compatible for Editor in 0.30 ms, found 0 plugins.
Preloading 0 native plugins for Editor in 0.00 ms.
Invoked RoslynAnalysisRunner static constructor.
RoslynAnalysisRunner will not be running.
RoslynAnalysisRunner has terminated.
Mono: successfully reloaded assembly
- Completed reload, in  0.620 seconds
Platform modules already initialized, skipping
Refreshing native plugins compatible for Editor in 0.30 ms, found 0 plugins.
Preloading 0 native plugins for Editor in 0.00 ms.
Unloading 1442 Unused Serialized files (Serialized files now loaded: 0)
System memory in use before: 74.6 MB.
System memory in use after: 74.6 MB.

Unloading 5 unused Assets to reduce memory usage. Loaded Objects now: 1972.
Total: 1.992800 ms (FindLiveObjects: 0.203600 ms CreateObjectMapping: 0.038400 ms MarkObjects: 1.682500 ms  DeleteObjects: 0.067300 ms)

========================================================================
Received Prepare
Registering precompiled user dll's ...
Registered in 0.000537 seconds.
Begin MonoManager ReloadAssembly
Native extension for WindowsStandalone target not found
Native extension for WebGL target not found
Refreshing native plugins compatible for Editor in 0.31 ms, found 0 plugins.
Preloading 0 native plugins for Editor in 0.00 ms.
Invoked RoslynAnalysisRunner static constructor.
RoslynAnalysisRunner will not be running.
RoslynAnalysisRunner has terminated.
Mono: successfully reloaded assembly
- Completed reload, in  0.670 seconds
Platform modules already initialized, skipping
Refreshing native plugins compatible for Editor in 0.33 ms, found 0 plugins.
Preloading 0 native plugins for Editor in 0.00 ms.
Unloading 1442 Unused Serialized files (Serialized files now loaded: 0)
System memory in use before: 74.0 MB.
System memory in use after: 74.1 MB.

Unloading 5 unused Assets to reduce memory usage. Loaded Objects now: 1974.
Total: 1.886700 ms (FindLiveObjects: 0.191400 ms CreateObjectMapping: 0.034000 ms MarkObjects: 1.617000 ms  DeleteObjects: 0.043300 ms)

========================================================================
Received Prepare
Registering precompiled user dll's ...
Registered in 0.000513 seconds.
Begin MonoManager ReloadAssembly
Native extension for WindowsStandalone target not found
Native extension for WebGL target not found
Refreshing native plugins compatible for Editor in 0.31 ms, found 0 plugins.
Preloading 0 native plugins for Editor in 0.00 ms.
Invoked RoslynAnalysisRunner static constructor.
RoslynAnalysisRunner will not be running.
RoslynAnalysisRunner has terminated.
Mono: successfully reloaded assembly
- Completed reload, in  0.648 seconds
Platform modules already initialized, skipping
Refreshing native plugins compatible for Editor in 0.30 ms, found 0 plugins.
Preloading 0 native plugins for Editor in 0.00 ms.
Unloading 1442 Unused Serialized files (Serialized files now loaded: 0)
System memory in use before: 74.4 MB.
System memory in use after: 74.5 MB.

Unloading 5 unused Assets to reduce memory usage. Loaded Objects now: 1976.
Total: 2.508700 ms (FindLiveObjects: 0.205200 ms CreateObjectMapping: 0.034400 ms MarkObjects: 2.209900 ms  DeleteObjects: 0.057600 ms)

========================================================================
Received Prepare
Registering precompiled user dll's ...
Registered in 0.000505 seconds.
Begin MonoManager ReloadAssembly
Native extension for WindowsStandalone target not found
Native extension for WebGL target not found
Refreshing native plugins compatible for Editor in 0.34 ms, found 0 plugins.
Preloading 0 native plugins for Editor in 0.00 ms.
Invoked RoslynAnalysisRunner static constructor.
RoslynAnalysisRunner will not be running.
RoslynAnalysisRunner has terminated.
Mono: successfully reloaded assembly
- Completed reload, in  0.637 seconds
Platform modules already initialized, skipping
Refreshing native plugins compatible for Editor in 0.33 ms, found 0 plugins.
Preloading 0 native plugins for Editor in 0.00 ms.
Unloading 1442 Unused Serialized files (Serialized files now loaded: 0)
System memory in use before: 74.6 MB.
System memory in use after: 74.7 MB.

Unloading 5 unused Assets to reduce memory usage. Loaded Objects now: 1978.
Total: 1.861000 ms (FindLiveObjects: 0.221100 ms CreateObjectMapping: 0.037400 ms MarkObjects: 1.553100 ms  DeleteObjects: 0.048000 ms)

========================================================================
Received Prepare
Registering precompiled user dll's ...
Registered in 0.000619 seconds.
Begin MonoManager ReloadAssembly
Native extension for WindowsStandalone target not found
Native extension for WebGL target not found
Refreshing native plugins compatible for Editor in 0.32 ms, found 0 plugins.
Preloading 0 native plugins for Editor in 0.00 ms.
Invoked RoslynAnalysisRunner static constructor.
RoslynAnalysisRunner will not be running.
RoslynAnalysisRunner has terminated.
Mono: successfully reloaded assembly
- Completed reload, in  0.642 seconds
Platform modules already initialized, skipping
Refreshing native plugins compatible for Editor in 0.29 ms, found 0 plugins.
Preloading 0 native plugins for Editor in 0.00 ms.
Unloading 1442 Unused Serialized files (Serialized files now loaded: 0)
System memory in use before: 74.1 MB.
System memory in use after: 74.2 MB.

Unloading 5 unused Assets to reduce memory usage. Loaded Objects now: 1980.
Total: 1.721600 ms (FindLiveObjects: 0.163300 ms CreateObjectMapping: 0.034000 ms MarkObjects: 1.479900 ms  DeleteObjects: 0.043600 ms)

========================================================================
Received Prepare
Registering precompiled user dll's ...
Registered in 0.000559 seconds.
Begin MonoManager ReloadAssembly
Native extension for WindowsStandalone target not found
Native extension for WebGL target not found
Refreshing native plugins compatible for Editor in 0.31 ms, found 0 plugins.
Preloading 0 native plugins for Editor in 0.00 ms.
Invoked RoslynAnalysisRunner static constructor.
RoslynAnalysisRunner will not be running.
RoslynAnalysisRunner has terminated.
Mono: successfully reloaded assembly
- Completed reload, in  0.628 seconds
Platform modules already initialized, skipping
Refreshing native plugins compatible for Editor in 0.31 ms, found 0 plugins.
Preloading 0 native plugins for Editor in 0.00 ms.
Unloading 1442 Unused Serialized files (Serialized files now loaded: 0)
System memory in use before: 74.4 MB.
System memory in use after: 74.5 MB.

Unloading 5 unused Assets to reduce memory usage. Loaded Objects now: 1982.
Total: 1.690800 ms (FindLiveObjects: 0.181400 ms CreateObjectMapping: 0.040000 ms MarkObjects: 1.431600 ms  DeleteObjects: 0.036900 ms)

========================================================================
Received Prepare
Registering precompiled user dll's ...
Registered in 0.000561 seconds.
Begin MonoManager ReloadAssembly
Native extension for WindowsStandalone target not found
Native extension for WebGL target not found
Refreshing native plugins compatible for Editor in 0.33 ms, found 0 plugins.
Preloading 0 native plugins for Editor in 0.00 ms.
Invoked RoslynAnalysisRunner static constructor.
RoslynAnalysisRunner will not be running.
RoslynAnalysisRunner has terminated.
Mono: successfully reloaded assembly
- Completed reload, in  0.640 seconds
Platform modules already initialized, skipping
Refreshing native plugins compatible for Editor in 0.32 ms, found 0 plugins.
Preloading 0 native plugins for Editor in 0.00 ms.
Unloading 1442 Unused Serialized files (Serialized files now loaded: 0)
System memory in use before: 74.6 MB.
System memory in use after: 74.7 MB.

Unloading 5 unused Assets to reduce memory usage. Loaded Objects now: 1984.
Total: 2.339400 ms (FindLiveObjects: 0.172200 ms CreateObjectMapping: 0.033500 ms MarkObjects: 2.090000 ms  DeleteObjects: 0.042800 ms)

========================================================================
Received Import Request.
  Time since last request: 378.126829 seconds.
  path: Assets/Sprites/Footstep.png
  artifactKey: Guid(319c9cac8323d0d458152755c1540c6f) Importer(815301076,1909f56bfc062723c751e8b465ee728b)
Start importing Assets/Sprites/Footstep.png using Guid(319c9cac8323d0d458152755c1540c6f) Importer(815301076,1909f56bfc062723c751e8b465ee728b)  -> (artifact id: '725fd67e36311ee6f5a388b3f39fd98a') in 0.040879 seconds
  Import took 0.043721 seconds .

========================================================================
Received Import Request.
  Time since last request: 4.573572 seconds.
  path: Assets/Sprites/Footstep.png
  artifactKey: Guid(319c9cac8323d0d458152755c1540c6f) Importer(815301076,1909f56bfc062723c751e8b465ee728b)
Start importing Assets/Sprites/Footstep.png using Guid(319c9cac8323d0d458152755c1540c6f) Importer(815301076,1909f56bfc062723c751e8b465ee728b)  -> (artifact id: 'eee1ad78cdbefc52530d3c2db9553ab2') in 0.005729 seconds
  Import took 0.008249 seconds .

========================================================================
Received Import Request.
  Time since last request: 0.007415 seconds.
  path: Assets/Sprites/Footstep.png
  artifactKey: Guid(319c9cac8323d0d458152755c1540c6f) Importer(815301076,1909f56bfc062723c751e8b465ee728b)
Start importing Assets/Sprites/Footstep.png using Guid(319c9cac8323d0d458152755c1540c6f) Importer(815301076,1909f56bfc062723c751e8b465ee728b)  -> (artifact id: 'eee1ad78cdbefc52530d3c2db9553ab2') in 0.005552 seconds
  Import took 0.008012 seconds .

========================================================================
Received Prepare
Registering precompiled user dll's ...
Registered in 0.000533 seconds.
Begin MonoManager ReloadAssembly
Native extension for WindowsStandalone target not found
Native extension for WebGL target not found
Refreshing native plugins compatible for Editor in 0.30 ms, found 0 plugins.
Preloading 0 native plugins for Editor in 0.00 ms.
Invoked RoslynAnalysisRunner static constructor.
RoslynAnalysisRunner will not be running.
RoslynAnalysisRunner has terminated.
Mono: successfully reloaded assembly
- Completed reload, in  0.644 seconds
Platform modules already initialized, skipping
Refreshing native plugins compatible for Editor in 0.31 ms, found 0 plugins.
Preloading 0 native plugins for Editor in 0.00 ms.
Unloading 1442 Unused Serialized files (Serialized files now loaded: 0)
System memory in use before: 74.1 MB.
System memory in use after: 74.2 MB.

Unloading 5 unused Assets to reduce memory usage. Loaded Objects now: 1987.
Total: 1.736400 ms (FindLiveObjects: 0.195000 ms CreateObjectMapping: 0.039400 ms MarkObjects: 1.461900 ms  DeleteObjects: 0.039300 ms)

========================================================================
Received Prepare
Registering precompiled user dll's ...
Registered in 0.000511 seconds.
Begin MonoManager ReloadAssembly
Native extension for WindowsStandalone target not found
Native extension for WebGL target not found
Refreshing native plugins compatible for Editor in 0.30 ms, found 0 plugins.
Preloading 0 native plugins for Editor in 0.00 ms.
Invoked RoslynAnalysisRunner static constructor.
RoslynAnalysisRunner will not be running.
RoslynAnalysisRunner has terminated.
Mono: successfully reloaded assembly
- Completed reload, in  0.618 seconds
Platform modules already initialized, skipping
Refreshing native plugins compatible for Editor in 0.36 ms, found 0 plugins.
Preloading 0 native plugins for Editor in 0.00 ms.
Unloading 1442 Unused Serialized files (Serialized files now loaded: 0)
System memory in use before: 74.5 MB.
System memory in use after: 74.6 MB.

Unloading 5 unused Assets to reduce memory usage. Loaded Objects now: 1989.
Total: 2.835900 ms (FindLiveObjects: 0.216200 ms CreateObjectMapping: 0.040700 ms MarkObjects: 2.516800 ms  DeleteObjects: 0.060800 ms)

========================================================================
Received Import Request.
  Time since last request: 123.371536 seconds.
  path: Assets/Special Mateirals/EnemyFOV.mat
  artifactKey: Guid(0cce9ce4d4f5ed149b4779e7de5309eb) Importer(815301076,1909f56bfc062723c751e8b465ee728b)
Start importing Assets/Special Mateirals/EnemyFOV.mat using Guid(0cce9ce4d4f5ed149b4779e7de5309eb) Importer(815301076,1909f56bfc062723c751e8b465ee728b)  -> (artifact id: '4648c51a43dc098a3bfb72572728335e') in 0.052360 seconds
  Import took 0.054820 seconds .

========================================================================
Received Prepare
Registering precompiled user dll's ...
Registered in 0.000507 seconds.
Begin MonoManager ReloadAssembly
Native extension for WindowsStandalone target not found
Native extension for WebGL target not found
Refreshing native plugins compatible for Editor in 0.30 ms, found 0 plugins.
Preloading 0 native plugins for Editor in 0.00 ms.
Invoked RoslynAnalysisRunner static constructor.
RoslynAnalysisRunner will not be running.
RoslynAnalysisRunner has terminated.
Mono: successfully reloaded assembly
- Completed reload, in  0.616 seconds
Platform modules already initialized, skipping
Refreshing native plugins compatible for Editor in 0.29 ms, found 0 plugins.
Preloading 0 native plugins for Editor in 0.00 ms.
Unloading 1442 Unused Serialized files (Serialized files now loaded: 0)
System memory in use before: 74.6 MB.
System memory in use after: 74.7 MB.

Unloading 5 unused Assets to reduce memory usage. Loaded Objects now: 1992.
Total: 1.646300 ms (FindLiveObjects: 0.158000 ms CreateObjectMapping: 0.031200 ms MarkObjects: 1.419800 ms  DeleteObjects: 0.036200 ms)

AssetImportWorkerClient::OnTransportError - code=2 error=End of file
