Using pre-set license
Built from '2020.2/release' branch; Version is '2020.2.1f1 (270dd8c3da1c) revision 2559448'; Using compiler version '192528614'; Build Type 'Release'
OS: 'Windows 10  (10.0.0) 64bit' Language: 'en' Physical Memory: 16332 MB
BatchMode: 1, IsHumanControllingUs: 0, StartBugReporterOnCrash: 0, Is64bit: 1, IsPro: 0

 COMMAND LINE ARGUMENTS:
C:\Program Files\Unity\Hub\Editor\2020.2.1f1\Editor\Unity.exe
-adb2
-batchMode
-noUpm
-name
AssetImportWorker0
-projectPath
C:/Users/Ajay/Desktop/Game Jam/Low-Resolution-Game-Jam
-logFile
Logs/AssetImportWorker0.log
-srvPort
55788
Successfully changed project path to: C:/Users/Ajay/Desktop/Game Jam/Low-Resolution-Game-Jam
C:/Users/Ajay/Desktop/Game Jam/Low-Resolution-Game-Jam
Using Asset Import Pipeline V2.
Refreshing native plugins compatible for Editor in 31.72 ms, found 0 plugins.
Preloading 0 native plugins for Editor in 0.00 ms.
Initialize engine version: 2020.2.1f1 (270dd8c3da1c)
[Subsystems] Discovering subsystems at path C:/Program Files/Unity/Hub/Editor/2020.2.1f1/Editor/Data/Resources/UnitySubsystems
[Subsystems] Discovering subsystems at path C:/Users/Ajay/Desktop/Game Jam/Low-Resolution-Game-Jam/Assets
GfxDevice: creating device client; threaded=0
Direct3D:
    Version:  Direct3D 11.0 [level 11.1]
    Renderer: NVIDIA GeForce RTX 2070 SUPER (ID=0x1e84)
    Vendor:   
    VRAM:     8011 MB
    Driver:   30.0.14.7111
Initialize mono
Mono path[0] = 'C:/Program Files/Unity/Hub/Editor/2020.2.1f1/Editor/Data/Managed'
Mono path[1] = 'C:/Program Files/Unity/Hub/Editor/2020.2.1f1/Editor/Data/MonoBleedingEdge/lib/mono/unityjit'
Mono config path = 'C:/Program Files/Unity/Hub/Editor/2020.2.1f1/Editor/Data/MonoBleedingEdge/etc'
Using monoOptions --debugger-agent=transport=dt_socket,embedding=1,server=y,suspend=n,address=127.0.0.1:56584
Begin MonoManager ReloadAssembly
Registering precompiled unity dll's ...
Register platform support module: C:/Program Files/Unity/Hub/Editor/2020.2.1f1/Editor/Data/PlaybackEngines/WebGLSupport/UnityEditor.WebGL.Extensions.dll
Register platform support module: C:/Program Files/Unity/Hub/Editor/2020.2.1f1/Editor/Data/PlaybackEngines/WindowsStandaloneSupport/UnityEditor.WindowsStandalone.Extensions.dll
Registered in 0.001544 seconds.
Native extension for WindowsStandalone target not found
Native extension for WebGL target not found
Refreshing native plugins compatible for Editor in 31.97 ms, found 0 plugins.
Preloading 0 native plugins for Editor in 0.00 ms.
Invoked RoslynAnalysisRunner static constructor.
RoslynAnalysisRunner will not be running.
RoslynAnalysisRunner has terminated.
Mono: successfully reloaded assembly
- Completed reload, in  0.888 seconds
Platform modules already initialized, skipping
Registering precompiled user dll's ...
Registered in 0.000558 seconds.
Begin MonoManager ReloadAssembly
Native extension for WindowsStandalone target not found
Native extension for WebGL target not found
Refreshing native plugins compatible for Editor in 31.96 ms, found 0 plugins.
Preloading 0 native plugins for Editor in 0.00 ms.
Invoked RoslynAnalysisRunner static constructor.
RoslynAnalysisRunner will not be running.
RoslynAnalysisRunner has terminated.
Mono: successfully reloaded assembly
- Completed reload, in  0.757 seconds
Platform modules already initialized, skipping
========================================================================
Worker process is ready to serve import requests
Launched and connected shader compiler UnityShaderCompiler.exe after 0.05 seconds
Refreshing native plugins compatible for Editor in 0.34 ms, found 0 plugins.
Preloading 0 native plugins for Editor in 0.00 ms.
Unloading 1598 Unused Serialized files (Serialized files now loaded: 0)
System memory in use before: 80.9 MB.
System memory in use after: 81.0 MB.

Unloading 12 unused Assets to reduce memory usage. Loaded Objects now: 2043.
Total: 1.883900 ms (FindLiveObjects: 0.190300 ms CreateObjectMapping: 0.040300 ms MarkObjects: 1.570700 ms  DeleteObjects: 0.081700 ms)

========================================================================
Received Import Request.
  path: Assets/SFX/Woosh.flac
  artifactKey: Guid(c4f18c508475211498e7c737369d66aa) Importer(815301076,1909f56bfc062723c751e8b465ee728b)
Start importing Assets/SFX/Woosh.flac using Guid(c4f18c508475211498e7c737369d66aa) Importer(815301076,1909f56bfc062723c751e8b465ee728b)  -> (artifact id: 'c21f302bd93b1c18d034aa0889193607') in 0.102798 seconds
  Import took 0.105550 seconds .

========================================================================
Received Import Request.
  Time since last request: 26.203975 seconds.
  path: Assets/SFX/Regicide - Chill Track.ogg
  artifactKey: Guid(db4626e11895c744ea0c4b0517c456b0) Importer(815301076,1909f56bfc062723c751e8b465ee728b)
Start importing Assets/SFX/Regicide - Chill Track.ogg using Guid(db4626e11895c744ea0c4b0517c456b0) Importer(815301076,1909f56bfc062723c751e8b465ee728b)  -> (artifact id: '1f11b2337433fa1ecd0c38019d0cb12f') in 0.013437 seconds
  Import took 0.016145 seconds .

========================================================================
Received Import Request.
  Time since last request: 0.000187 seconds.
  path: Assets/SFX/Regicide - Enemey Track.ogg
  artifactKey: Guid(23cc936c2f700ad44bd56f51c2b3b165) Importer(815301076,1909f56bfc062723c751e8b465ee728b)
Start importing Assets/SFX/Regicide - Enemey Track.ogg using Guid(23cc936c2f700ad44bd56f51c2b3b165) Importer(815301076,1909f56bfc062723c751e8b465ee728b)  -> (artifact id: '414af652d244f81b1488562d486437b9') in 0.011546 seconds
  Import took 0.014016 seconds .

========================================================================
Received Prepare
Registering precompiled user dll's ...
Registered in 0.000652 seconds.
Begin MonoManager ReloadAssembly
Native extension for WindowsStandalone target not found
Native extension for WebGL target not found
Refreshing native plugins compatible for Editor in 0.36 ms, found 0 plugins.
Preloading 0 native plugins for Editor in 0.00 ms.
Invoked RoslynAnalysisRunner static constructor.
RoslynAnalysisRunner will not be running.
RoslynAnalysisRunner has terminated.
Mono: successfully reloaded assembly
- Completed reload, in  0.686 seconds
Platform modules already initialized, skipping
Refreshing native plugins compatible for Editor in 0.42 ms, found 0 plugins.
Preloading 0 native plugins for Editor in 0.00 ms.
Unloading 1551 Unused Serialized files (Serialized files now loaded: 0)
System memory in use before: 81.0 MB.
System memory in use after: 81.1 MB.

Unloading 5 unused Assets to reduce memory usage. Loaded Objects now: 2055.
Total: 2.027500 ms (FindLiveObjects: 0.165900 ms CreateObjectMapping: 0.036900 ms MarkObjects: 1.774000 ms  DeleteObjects: 0.049700 ms)

========================================================================
Received Prepare
Registering precompiled user dll's ...
Registered in 0.000674 seconds.
Begin MonoManager ReloadAssembly
Native extension for WindowsStandalone target not found
Native extension for WebGL target not found
Refreshing native plugins compatible for Editor in 0.33 ms, found 0 plugins.
Preloading 0 native plugins for Editor in 0.00 ms.
Invoked RoslynAnalysisRunner static constructor.
RoslynAnalysisRunner will not be running.
RoslynAnalysisRunner has terminated.
Mono: successfully reloaded assembly
- Completed reload, in  0.657 seconds
Platform modules already initialized, skipping
Refreshing native plugins compatible for Editor in 0.34 ms, found 0 plugins.
Preloading 0 native plugins for Editor in 0.00 ms.
Unloading 1551 Unused Serialized files (Serialized files now loaded: 0)
System memory in use before: 82.0 MB.
System memory in use after: 82.1 MB.

Unloading 5 unused Assets to reduce memory usage. Loaded Objects now: 2057.
Total: 1.962700 ms (FindLiveObjects: 0.202300 ms CreateObjectMapping: 0.047100 ms MarkObjects: 1.666500 ms  DeleteObjects: 0.045900 ms)

========================================================================
Received Prepare
Registering precompiled user dll's ...
Registered in 0.000865 seconds.
Begin MonoManager ReloadAssembly
Native extension for WindowsStandalone target not found
Native extension for WebGL target not found
Refreshing native plugins compatible for Editor in 0.34 ms, found 0 plugins.
Preloading 0 native plugins for Editor in 0.00 ms.
Invoked RoslynAnalysisRunner static constructor.
RoslynAnalysisRunner will not be running.
RoslynAnalysisRunner has terminated.
Mono: successfully reloaded assembly
- Completed reload, in  0.651 seconds
Platform modules already initialized, skipping
Refreshing native plugins compatible for Editor in 0.39 ms, found 0 plugins.
Preloading 0 native plugins for Editor in 0.00 ms.
Unloading 1551 Unused Serialized files (Serialized files now loaded: 0)
System memory in use before: 82.0 MB.
System memory in use after: 82.1 MB.

Unloading 5 unused Assets to reduce memory usage. Loaded Objects now: 2059.
Total: 1.730100 ms (FindLiveObjects: 0.205400 ms CreateObjectMapping: 0.038300 ms MarkObjects: 1.439700 ms  DeleteObjects: 0.045800 ms)

========================================================================
Received Prepare
Registering precompiled user dll's ...
Registered in 0.000694 seconds.
Begin MonoManager ReloadAssembly
Native extension for WindowsStandalone target not found
Native extension for WebGL target not found
Refreshing native plugins compatible for Editor in 0.35 ms, found 0 plugins.
Preloading 0 native plugins for Editor in 0.00 ms.
Invoked RoslynAnalysisRunner static constructor.
RoslynAnalysisRunner will not be running.
RoslynAnalysisRunner has terminated.
Mono: successfully reloaded assembly
- Completed reload, in  0.687 seconds
Platform modules already initialized, skipping
Refreshing native plugins compatible for Editor in 0.36 ms, found 0 plugins.
Preloading 0 native plugins for Editor in 0.00 ms.
Unloading 1551 Unused Serialized files (Serialized files now loaded: 0)
System memory in use before: 82.1 MB.
System memory in use after: 82.1 MB.

Unloading 5 unused Assets to reduce memory usage. Loaded Objects now: 2061.
Total: 2.272200 ms (FindLiveObjects: 0.194500 ms CreateObjectMapping: 0.043900 ms MarkObjects: 1.989500 ms  DeleteObjects: 0.043000 ms)

========================================================================
Received Prepare
Registering precompiled user dll's ...
Registered in 0.000701 seconds.
Begin MonoManager ReloadAssembly
Native extension for WindowsStandalone target not found
Native extension for WebGL target not found
Refreshing native plugins compatible for Editor in 0.34 ms, found 0 plugins.
Preloading 0 native plugins for Editor in 0.00 ms.
Invoked RoslynAnalysisRunner static constructor.
RoslynAnalysisRunner will not be running.
RoslynAnalysisRunner has terminated.
Mono: successfully reloaded assembly
- Completed reload, in  0.700 seconds
Platform modules already initialized, skipping
Refreshing native plugins compatible for Editor in 0.34 ms, found 0 plugins.
Preloading 0 native plugins for Editor in 0.00 ms.
Unloading 1551 Unused Serialized files (Serialized files now loaded: 0)
System memory in use before: 82.1 MB.
System memory in use after: 82.2 MB.

Unloading 5 unused Assets to reduce memory usage. Loaded Objects now: 2063.
Total: 1.806200 ms (FindLiveObjects: 0.169700 ms CreateObjectMapping: 0.040000 ms MarkObjects: 1.554100 ms  DeleteObjects: 0.041700 ms)

========================================================================
Received Prepare
Registering precompiled user dll's ...
Registered in 0.000660 seconds.
Begin MonoManager ReloadAssembly
Native extension for WindowsStandalone target not found
Native extension for WebGL target not found
Refreshing native plugins compatible for Editor in 0.35 ms, found 0 plugins.
Preloading 0 native plugins for Editor in 0.00 ms.
Invoked RoslynAnalysisRunner static constructor.
RoslynAnalysisRunner will not be running.
RoslynAnalysisRunner has terminated.
Mono: successfully reloaded assembly
- Completed reload, in  0.682 seconds
Platform modules already initialized, skipping
Refreshing native plugins compatible for Editor in 0.33 ms, found 0 plugins.
Preloading 0 native plugins for Editor in 0.00 ms.
Unloading 1551 Unused Serialized files (Serialized files now loaded: 0)
System memory in use before: 82.0 MB.
System memory in use after: 82.1 MB.

Unloading 5 unused Assets to reduce memory usage. Loaded Objects now: 2065.
Total: 2.136300 ms (FindLiveObjects: 0.195500 ms CreateObjectMapping: 0.036700 ms MarkObjects: 1.851100 ms  DeleteObjects: 0.051700 ms)

========================================================================
Received Prepare
Registering precompiled user dll's ...
Registered in 0.000686 seconds.
Begin MonoManager ReloadAssembly
Native extension for WindowsStandalone target not found
Native extension for WebGL target not found
Refreshing native plugins compatible for Editor in 0.36 ms, found 0 plugins.
Preloading 0 native plugins for Editor in 0.00 ms.
Invoked RoslynAnalysisRunner static constructor.
RoslynAnalysisRunner will not be running.
RoslynAnalysisRunner has terminated.
Mono: successfully reloaded assembly
- Completed reload, in  0.682 seconds
Platform modules already initialized, skipping
Refreshing native plugins compatible for Editor in 0.34 ms, found 0 plugins.
Preloading 0 native plugins for Editor in 0.00 ms.
Unloading 1551 Unused Serialized files (Serialized files now loaded: 0)
System memory in use before: 82.1 MB.
System memory in use after: 82.2 MB.

Unloading 5 unused Assets to reduce memory usage. Loaded Objects now: 2067.
Total: 1.828300 ms (FindLiveObjects: 0.203200 ms CreateObjectMapping: 0.042100 ms MarkObjects: 1.538700 ms  DeleteObjects: 0.043300 ms)

========================================================================
Received Prepare
Registering precompiled user dll's ...
Registered in 0.000774 seconds.
Begin MonoManager ReloadAssembly
Native extension for WindowsStandalone target not found
Native extension for WebGL target not found
Refreshing native plugins compatible for Editor in 0.34 ms, found 0 plugins.
Preloading 0 native plugins for Editor in 0.00 ms.
Invoked RoslynAnalysisRunner static constructor.
RoslynAnalysisRunner will not be running.
RoslynAnalysisRunner has terminated.
Mono: successfully reloaded assembly
- Completed reload, in  0.713 seconds
Platform modules already initialized, skipping
Refreshing native plugins compatible for Editor in 0.33 ms, found 0 plugins.
Preloading 0 native plugins for Editor in 0.00 ms.
Unloading 1551 Unused Serialized files (Serialized files now loaded: 0)
System memory in use before: 82.1 MB.
System memory in use after: 82.2 MB.

Unloading 5 unused Assets to reduce memory usage. Loaded Objects now: 2069.
Total: 1.966800 ms (FindLiveObjects: 0.167300 ms CreateObjectMapping: 0.035800 ms MarkObjects: 1.713700 ms  DeleteObjects: 0.048900 ms)

========================================================================
Received Prepare
Registering precompiled user dll's ...
Registered in 0.000709 seconds.
Begin MonoManager ReloadAssembly
Native extension for WindowsStandalone target not found
Native extension for WebGL target not found
Refreshing native plugins compatible for Editor in 0.37 ms, found 0 plugins.
Preloading 0 native plugins for Editor in 0.00 ms.
Invoked RoslynAnalysisRunner static constructor.
RoslynAnalysisRunner will not be running.
RoslynAnalysisRunner has terminated.
Mono: successfully reloaded assembly
- Completed reload, in  0.666 seconds
Platform modules already initialized, skipping
Refreshing native plugins compatible for Editor in 0.37 ms, found 0 plugins.
Preloading 0 native plugins for Editor in 0.00 ms.
Unloading 1551 Unused Serialized files (Serialized files now loaded: 0)
System memory in use before: 82.1 MB.
System memory in use after: 82.2 MB.

Unloading 5 unused Assets to reduce memory usage. Loaded Objects now: 2071.
Total: 1.953000 ms (FindLiveObjects: 0.222300 ms CreateObjectMapping: 0.039100 ms MarkObjects: 1.634800 ms  DeleteObjects: 0.055800 ms)

========================================================================
Received Prepare
Registering precompiled user dll's ...
Registered in 0.000665 seconds.
Begin MonoManager ReloadAssembly
Native extension for WindowsStandalone target not found
Native extension for WebGL target not found
Refreshing native plugins compatible for Editor in 0.35 ms, found 0 plugins.
Preloading 0 native plugins for Editor in 0.00 ms.
Invoked RoslynAnalysisRunner static constructor.
RoslynAnalysisRunner will not be running.
RoslynAnalysisRunner has terminated.
Mono: successfully reloaded assembly
- Completed reload, in  0.681 seconds
Platform modules already initialized, skipping
Refreshing native plugins compatible for Editor in 0.35 ms, found 0 plugins.
Preloading 0 native plugins for Editor in 0.00 ms.
Unloading 1551 Unused Serialized files (Serialized files now loaded: 0)
System memory in use before: 82.1 MB.
System memory in use after: 82.2 MB.

Unloading 5 unused Assets to reduce memory usage. Loaded Objects now: 2073.
Total: 2.084800 ms (FindLiveObjects: 0.195800 ms CreateObjectMapping: 0.035700 ms MarkObjects: 1.809900 ms  DeleteObjects: 0.042300 ms)

========================================================================
Received Prepare
Registering precompiled user dll's ...
Registered in 0.000688 seconds.
Begin MonoManager ReloadAssembly
Native extension for WindowsStandalone target not found
Native extension for WebGL target not found
Refreshing native plugins compatible for Editor in 0.36 ms, found 0 plugins.
Preloading 0 native plugins for Editor in 0.00 ms.
Invoked RoslynAnalysisRunner static constructor.
RoslynAnalysisRunner will not be running.
RoslynAnalysisRunner has terminated.
Mono: successfully reloaded assembly
- Completed reload, in  0.676 seconds
Platform modules already initialized, skipping
Refreshing native plugins compatible for Editor in 0.34 ms, found 0 plugins.
Preloading 0 native plugins for Editor in 0.00 ms.
Unloading 1551 Unused Serialized files (Serialized files now loaded: 0)
System memory in use before: 82.1 MB.
System memory in use after: 82.2 MB.

Unloading 5 unused Assets to reduce memory usage. Loaded Objects now: 2075.
Total: 1.957000 ms (FindLiveObjects: 0.184300 ms CreateObjectMapping: 0.040700 ms MarkObjects: 1.668200 ms  DeleteObjects: 0.063000 ms)

========================================================================
Received Prepare
Registering precompiled user dll's ...
Registered in 0.000723 seconds.
Begin MonoManager ReloadAssembly
Native extension for WindowsStandalone target not found
Native extension for WebGL target not found
Refreshing native plugins compatible for Editor in 0.35 ms, found 0 plugins.
Preloading 0 native plugins for Editor in 0.00 ms.
Invoked RoslynAnalysisRunner static constructor.
RoslynAnalysisRunner will not be running.
RoslynAnalysisRunner has terminated.
Mono: successfully reloaded assembly
- Completed reload, in  0.660 seconds
Platform modules already initialized, skipping
Refreshing native plugins compatible for Editor in 0.34 ms, found 0 plugins.
Preloading 0 native plugins for Editor in 0.00 ms.
Unloading 1551 Unused Serialized files (Serialized files now loaded: 0)
System memory in use before: 82.1 MB.
System memory in use after: 82.2 MB.

Unloading 5 unused Assets to reduce memory usage. Loaded Objects now: 2077.
Total: 1.993300 ms (FindLiveObjects: 0.167900 ms CreateObjectMapping: 0.037600 ms MarkObjects: 1.741300 ms  DeleteObjects: 0.045500 ms)

========================================================================
Received Prepare
Registering precompiled user dll's ...
Registered in 0.000956 seconds.
Begin MonoManager ReloadAssembly
Native extension for WindowsStandalone target not found
Native extension for WebGL target not found
Refreshing native plugins compatible for Editor in 0.35 ms, found 0 plugins.
Preloading 0 native plugins for Editor in 0.00 ms.
Invoked RoslynAnalysisRunner static constructor.
RoslynAnalysisRunner will not be running.
RoslynAnalysisRunner has terminated.
Mono: successfully reloaded assembly
- Completed reload, in  0.639 seconds
Platform modules already initialized, skipping
Refreshing native plugins compatible for Editor in 0.33 ms, found 0 plugins.
Preloading 0 native plugins for Editor in 0.00 ms.
Unloading 1551 Unused Serialized files (Serialized files now loaded: 0)
System memory in use before: 82.1 MB.
System memory in use after: 82.2 MB.

Unloading 5 unused Assets to reduce memory usage. Loaded Objects now: 2079.
Total: 2.140200 ms (FindLiveObjects: 0.213500 ms CreateObjectMapping: 0.045400 ms MarkObjects: 1.822300 ms  DeleteObjects: 0.057700 ms)

========================================================================
Received Prepare
Registering precompiled user dll's ...
Registered in 0.000667 seconds.
Begin MonoManager ReloadAssembly
Native extension for WindowsStandalone target not found
Native extension for WebGL target not found
Refreshing native plugins compatible for Editor in 0.36 ms, found 0 plugins.
Preloading 0 native plugins for Editor in 0.00 ms.
Invoked RoslynAnalysisRunner static constructor.
RoslynAnalysisRunner will not be running.
RoslynAnalysisRunner has terminated.
Mono: successfully reloaded assembly
- Completed reload, in  0.676 seconds
Platform modules already initialized, skipping
Refreshing native plugins compatible for Editor in 0.37 ms, found 0 plugins.
Preloading 0 native plugins for Editor in 0.00 ms.
Unloading 1551 Unused Serialized files (Serialized files now loaded: 0)
System memory in use before: 82.1 MB.
System memory in use after: 82.2 MB.

Unloading 5 unused Assets to reduce memory usage. Loaded Objects now: 2081.
Total: 1.754300 ms (FindLiveObjects: 0.196700 ms CreateObjectMapping: 0.040300 ms MarkObjects: 1.473800 ms  DeleteObjects: 0.042600 ms)

========================================================================
Received Prepare
Registering precompiled user dll's ...
Registered in 0.000745 seconds.
Begin MonoManager ReloadAssembly
Native extension for WindowsStandalone target not found
Native extension for WebGL target not found
Refreshing native plugins compatible for Editor in 0.34 ms, found 0 plugins.
Preloading 0 native plugins for Editor in 0.00 ms.
Invoked RoslynAnalysisRunner static constructor.
RoslynAnalysisRunner will not be running.
RoslynAnalysisRunner has terminated.
Mono: successfully reloaded assembly
- Completed reload, in  0.633 seconds
Platform modules already initialized, skipping
Refreshing native plugins compatible for Editor in 0.34 ms, found 0 plugins.
Preloading 0 native plugins for Editor in 0.00 ms.
Unloading 1551 Unused Serialized files (Serialized files now loaded: 0)
System memory in use before: 82.1 MB.
System memory in use after: 82.2 MB.

Unloading 5 unused Assets to reduce memory usage. Loaded Objects now: 2083.
Total: 1.813900 ms (FindLiveObjects: 0.187000 ms CreateObjectMapping: 0.040400 ms MarkObjects: 1.543600 ms  DeleteObjects: 0.042200 ms)

========================================================================
Received Prepare
Registering precompiled user dll's ...
Registered in 0.000704 seconds.
Begin MonoManager ReloadAssembly
Native extension for WindowsStandalone target not found
Native extension for WebGL target not found
Refreshing native plugins compatible for Editor in 0.34 ms, found 0 plugins.
Preloading 0 native plugins for Editor in 0.00 ms.
Invoked RoslynAnalysisRunner static constructor.
RoslynAnalysisRunner will not be running.
RoslynAnalysisRunner has terminated.
Mono: successfully reloaded assembly
- Completed reload, in  0.704 seconds
Platform modules already initialized, skipping
Refreshing native plugins compatible for Editor in 0.34 ms, found 0 plugins.
Preloading 0 native plugins for Editor in 0.00 ms.
Unloading 1551 Unused Serialized files (Serialized files now loaded: 0)
System memory in use before: 82.1 MB.
System memory in use after: 82.2 MB.

Unloading 5 unused Assets to reduce memory usage. Loaded Objects now: 2085.
Total: 1.739800 ms (FindLiveObjects: 0.159300 ms CreateObjectMapping: 0.036500 ms MarkObjects: 1.500500 ms  DeleteObjects: 0.042800 ms)

========================================================================
Received Prepare
Registering precompiled user dll's ...
Registered in 0.000651 seconds.
Begin MonoManager ReloadAssembly
Native extension for WindowsStandalone target not found
Native extension for WebGL target not found
Refreshing native plugins compatible for Editor in 0.34 ms, found 0 plugins.
Preloading 0 native plugins for Editor in 0.00 ms.
Invoked RoslynAnalysisRunner static constructor.
RoslynAnalysisRunner will not be running.
RoslynAnalysisRunner has terminated.
Mono: successfully reloaded assembly
- Completed reload, in  0.632 seconds
Platform modules already initialized, skipping
Refreshing native plugins compatible for Editor in 0.34 ms, found 0 plugins.
Preloading 0 native plugins for Editor in 0.00 ms.
Unloading 1551 Unused Serialized files (Serialized files now loaded: 0)
System memory in use before: 82.2 MB.
System memory in use after: 82.2 MB.

Unloading 5 unused Assets to reduce memory usage. Loaded Objects now: 2087.
Total: 1.728700 ms (FindLiveObjects: 0.203100 ms CreateObjectMapping: 0.036000 ms MarkObjects: 1.443900 ms  DeleteObjects: 0.045000 ms)

========================================================================
Received Prepare
Registering precompiled user dll's ...
Registered in 0.000816 seconds.
Begin MonoManager ReloadAssembly
Native extension for WindowsStandalone target not found
Native extension for WebGL target not found
Refreshing native plugins compatible for Editor in 0.34 ms, found 0 plugins.
Preloading 0 native plugins for Editor in 0.00 ms.
Invoked RoslynAnalysisRunner static constructor.
RoslynAnalysisRunner will not be running.
RoslynAnalysisRunner has terminated.
Mono: successfully reloaded assembly
- Completed reload, in  0.687 seconds
Platform modules already initialized, skipping
Refreshing native plugins compatible for Editor in 0.34 ms, found 0 plugins.
Preloading 0 native plugins for Editor in 0.00 ms.
Unloading 1551 Unused Serialized files (Serialized files now loaded: 0)
System memory in use before: 82.2 MB.
System memory in use after: 82.2 MB.

Unloading 5 unused Assets to reduce memory usage. Loaded Objects now: 2089.
Total: 1.967900 ms (FindLiveObjects: 0.219100 ms CreateObjectMapping: 0.044300 ms MarkObjects: 1.652100 ms  DeleteObjects: 0.051600 ms)

========================================================================
Received Prepare
Registering precompiled user dll's ...
Registered in 0.000696 seconds.
Begin MonoManager ReloadAssembly
Native extension for WindowsStandalone target not found
Native extension for WebGL target not found
Refreshing native plugins compatible for Editor in 0.35 ms, found 0 plugins.
Preloading 0 native plugins for Editor in 0.00 ms.
Invoked RoslynAnalysisRunner static constructor.
RoslynAnalysisRunner will not be running.
RoslynAnalysisRunner has terminated.
Mono: successfully reloaded assembly
- Completed reload, in  0.681 seconds
Platform modules already initialized, skipping
Refreshing native plugins compatible for Editor in 0.37 ms, found 0 plugins.
Preloading 0 native plugins for Editor in 0.00 ms.
Unloading 1551 Unused Serialized files (Serialized files now loaded: 0)
System memory in use before: 82.0 MB.
System memory in use after: 82.1 MB.

Unloading 5 unused Assets to reduce memory usage. Loaded Objects now: 2091.
Total: 1.843700 ms (FindLiveObjects: 0.194300 ms CreateObjectMapping: 0.040700 ms MarkObjects: 1.566300 ms  DeleteObjects: 0.041700 ms)

========================================================================
Received Prepare
Registering precompiled user dll's ...
Registered in 0.000786 seconds.
Begin MonoManager ReloadAssembly
Native extension for WindowsStandalone target not found
Native extension for WebGL target not found
Refreshing native plugins compatible for Editor in 0.35 ms, found 0 plugins.
Preloading 0 native plugins for Editor in 0.00 ms.
Invoked RoslynAnalysisRunner static constructor.
RoslynAnalysisRunner will not be running.
RoslynAnalysisRunner has terminated.
Mono: successfully reloaded assembly
- Completed reload, in  0.710 seconds
Platform modules already initialized, skipping
Refreshing native plugins compatible for Editor in 0.35 ms, found 0 plugins.
Preloading 0 native plugins for Editor in 0.00 ms.
Unloading 1551 Unused Serialized files (Serialized files now loaded: 0)
System memory in use before: 82.2 MB.
System memory in use after: 82.3 MB.

Unloading 5 unused Assets to reduce memory usage. Loaded Objects now: 2093.
Total: 1.959700 ms (FindLiveObjects: 0.182800 ms CreateObjectMapping: 0.043300 ms MarkObjects: 1.688000 ms  DeleteObjects: 0.044300 ms)

========================================================================
Received Import Request.
  Time since last request: 2134.200539 seconds.
  path: Assets/Animations/BlendChill.anim
  artifactKey: Guid(192ea0834f246e64eb3b9c604c29fa67) Importer(815301076,1909f56bfc062723c751e8b465ee728b)
Start importing Assets/Animations/BlendChill.anim using Guid(192ea0834f246e64eb3b9c604c29fa67) Importer(815301076,1909f56bfc062723c751e8b465ee728b)  -> (artifact id: '0e6c1b2d918a7bd6a4412f9c89a681e2') in 0.020287 seconds
  Import took 0.024099 seconds .

========================================================================
Received Import Request.
  Time since last request: 1.222876 seconds.
  path: Assets/Animations/BlendChill 1.anim
  artifactKey: Guid(76967b8c03b950e448532c939ec3bc21) Importer(815301076,1909f56bfc062723c751e8b465ee728b)
Start importing Assets/Animations/BlendChill 1.anim using Guid(76967b8c03b950e448532c939ec3bc21) Importer(815301076,1909f56bfc062723c751e8b465ee728b)  -> (artifact id: '3ed91460a4ec80dfc0961e5f2c641afd') in 0.006578 seconds
  Import took 0.009954 seconds .

========================================================================
Received Import Request.
  Time since last request: 3.998416 seconds.
  path: Assets/Animations/BlendChase.anim
  artifactKey: Guid(76967b8c03b950e448532c939ec3bc21) Importer(815301076,1909f56bfc062723c751e8b465ee728b)
Start importing Assets/Animations/BlendChase.anim using Guid(76967b8c03b950e448532c939ec3bc21) Importer(815301076,1909f56bfc062723c751e8b465ee728b)  -> (artifact id: '5cbcb51e4efa3d6c005de3832ab44a88') in 0.006348 seconds
  Import took 0.009573 seconds .

========================================================================
Received Import Request.
  Time since last request: 55.405362 seconds.
  path: Assets/Animations/BlendChill.anim
  artifactKey: Guid(192ea0834f246e64eb3b9c604c29fa67) Importer(815301076,1909f56bfc062723c751e8b465ee728b)
Start importing Assets/Animations/BlendChill.anim using Guid(192ea0834f246e64eb3b9c604c29fa67) Importer(815301076,1909f56bfc062723c751e8b465ee728b)  -> (artifact id: 'ae44254590608147cdc372c6b98605b2') in 0.002611 seconds
  Import took 0.006151 seconds .

========================================================================
Received Prepare
Registering precompiled user dll's ...
Registered in 0.000724 seconds.
Begin MonoManager ReloadAssembly
Native extension for WindowsStandalone target not found
Native extension for WebGL target not found
Refreshing native plugins compatible for Editor in 0.39 ms, found 0 plugins.
Preloading 0 native plugins for Editor in 0.00 ms.
Invoked RoslynAnalysisRunner static constructor.
RoslynAnalysisRunner will not be running.
RoslynAnalysisRunner has terminated.
Mono: successfully reloaded assembly
- Completed reload, in  0.697 seconds
Platform modules already initialized, skipping
Refreshing native plugins compatible for Editor in 0.34 ms, found 0 plugins.
Preloading 0 native plugins for Editor in 0.00 ms.
Unloading 1551 Unused Serialized files (Serialized files now loaded: 0)
System memory in use before: 82.2 MB.
System memory in use after: 82.3 MB.

Unloading 5 unused Assets to reduce memory usage. Loaded Objects now: 2095.
Total: 1.768500 ms (FindLiveObjects: 0.172100 ms CreateObjectMapping: 0.037100 ms MarkObjects: 1.516300 ms  DeleteObjects: 0.042200 ms)

========================================================================
Received Prepare
Registering precompiled user dll's ...
Registered in 0.000642 seconds.
Begin MonoManager ReloadAssembly
Native extension for WindowsStandalone target not found
Native extension for WebGL target not found
Refreshing native plugins compatible for Editor in 0.34 ms, found 0 plugins.
Preloading 0 native plugins for Editor in 0.00 ms.
Invoked RoslynAnalysisRunner static constructor.
RoslynAnalysisRunner will not be running.
RoslynAnalysisRunner has terminated.
Mono: successfully reloaded assembly
- Completed reload, in  0.698 seconds
Platform modules already initialized, skipping
Refreshing native plugins compatible for Editor in 0.34 ms, found 0 plugins.
Preloading 0 native plugins for Editor in 0.00 ms.
Unloading 1551 Unused Serialized files (Serialized files now loaded: 0)
System memory in use before: 82.2 MB.
System memory in use after: 82.3 MB.

Unloading 5 unused Assets to reduce memory usage. Loaded Objects now: 2097.
Total: 2.035400 ms (FindLiveObjects: 0.399400 ms CreateObjectMapping: 0.053700 ms MarkObjects: 1.533600 ms  DeleteObjects: 0.047000 ms)

========================================================================
Received Prepare
Registering precompiled user dll's ...
Registered in 0.000637 seconds.
Begin MonoManager ReloadAssembly
Native extension for WindowsStandalone target not found
Native extension for WebGL target not found
Refreshing native plugins compatible for Editor in 0.34 ms, found 0 plugins.
Preloading 0 native plugins for Editor in 0.00 ms.
Invoked RoslynAnalysisRunner static constructor.
RoslynAnalysisRunner will not be running.
RoslynAnalysisRunner has terminated.
Mono: successfully reloaded assembly
- Completed reload, in  0.624 seconds
Platform modules already initialized, skipping
Refreshing native plugins compatible for Editor in 0.36 ms, found 0 plugins.
Preloading 0 native plugins for Editor in 0.00 ms.
Unloading 1551 Unused Serialized files (Serialized files now loaded: 0)
System memory in use before: 82.2 MB.
System memory in use after: 82.3 MB.

Unloading 5 unused Assets to reduce memory usage. Loaded Objects now: 2099.
Total: 1.743600 ms (FindLiveObjects: 0.171200 ms CreateObjectMapping: 0.040400 ms MarkObjects: 1.488200 ms  DeleteObjects: 0.043000 ms)

========================================================================
Received Import Request.
  Time since last request: 110.514330 seconds.
  path: Assets/Prefabs/_GameManager.prefab
  artifactKey: Guid(a305f4ed21ec80249b35a60bd1f01853) Importer(815301076,1909f56bfc062723c751e8b465ee728b)
Start importing Assets/Prefabs/_GameManager.prefab using Guid(a305f4ed21ec80249b35a60bd1f01853) Importer(815301076,1909f56bfc062723c751e8b465ee728b)  -> (artifact id: '282edc0bc3376be660961ae118db1263') in 0.033196 seconds
  Import took 0.036099 seconds .

========================================================================
Received Prepare
Registering precompiled user dll's ...
Registered in 0.000608 seconds.
Begin MonoManager ReloadAssembly
Native extension for WindowsStandalone target not found
Native extension for WebGL target not found
Refreshing native plugins compatible for Editor in 0.34 ms, found 0 plugins.
Preloading 0 native plugins for Editor in 0.00 ms.
Invoked RoslynAnalysisRunner static constructor.
RoslynAnalysisRunner will not be running.
RoslynAnalysisRunner has terminated.
Mono: successfully reloaded assembly
- Completed reload, in  0.632 seconds
Platform modules already initialized, skipping
Refreshing native plugins compatible for Editor in 0.43 ms, found 0 plugins.
Preloading 0 native plugins for Editor in 0.00 ms.
Unloading 1551 Unused Serialized files (Serialized files now loaded: 0)
System memory in use before: 82.2 MB.
System memory in use after: 82.3 MB.

Unloading 5 unused Assets to reduce memory usage. Loaded Objects now: 2101.
Total: 2.204600 ms (FindLiveObjects: 0.251200 ms CreateObjectMapping: 0.036600 ms MarkObjects: 1.856700 ms  DeleteObjects: 0.059100 ms)

========================================================================
Received Import Request.
  Time since last request: 161.765070 seconds.
  path: Assets/SFX/252083__pepingrillin__spawn.ogg
  artifactKey: Guid(ed0d7f7db364b474791d06e26e650b91) Importer(815301076,1909f56bfc062723c751e8b465ee728b)
Start importing Assets/SFX/252083__pepingrillin__spawn.ogg using Guid(ed0d7f7db364b474791d06e26e650b91) Importer(815301076,1909f56bfc062723c751e8b465ee728b)  -> (artifact id: 'b50051faa0283053e706bf5940090571') in 0.049848 seconds
  Import took 0.053750 seconds .

========================================================================
Received Prepare
Registering precompiled user dll's ...
Registered in 0.000620 seconds.
Begin MonoManager ReloadAssembly
Native extension for WindowsStandalone target not found
Native extension for WebGL target not found
Refreshing native plugins compatible for Editor in 0.34 ms, found 0 plugins.
Preloading 0 native plugins for Editor in 0.00 ms.
Invoked RoslynAnalysisRunner static constructor.
RoslynAnalysisRunner will not be running.
RoslynAnalysisRunner has terminated.
Mono: successfully reloaded assembly
- Completed reload, in  0.669 seconds
Platform modules already initialized, skipping
Refreshing native plugins compatible for Editor in 0.33 ms, found 0 plugins.
Preloading 0 native plugins for Editor in 0.00 ms.
Unloading 1551 Unused Serialized files (Serialized files now loaded: 0)
System memory in use before: 82.1 MB.
System memory in use after: 82.2 MB.

Unloading 5 unused Assets to reduce memory usage. Loaded Objects now: 2104.
Total: 1.733500 ms (FindLiveObjects: 0.208100 ms CreateObjectMapping: 0.041300 ms MarkObjects: 1.440400 ms  DeleteObjects: 0.042900 ms)

========================================================================
Received Prepare
Registering precompiled user dll's ...
Registered in 0.000674 seconds.
Begin MonoManager ReloadAssembly
Native extension for WindowsStandalone target not found
Native extension for WebGL target not found
Refreshing native plugins compatible for Editor in 0.34 ms, found 0 plugins.
Preloading 0 native plugins for Editor in 0.00 ms.
Invoked RoslynAnalysisRunner static constructor.
RoslynAnalysisRunner will not be running.
RoslynAnalysisRunner has terminated.
Mono: successfully reloaded assembly
- Completed reload, in  0.625 seconds
Platform modules already initialized, skipping
Refreshing native plugins compatible for Editor in 0.40 ms, found 0 plugins.
Preloading 0 native plugins for Editor in 0.00 ms.
Unloading 1551 Unused Serialized files (Serialized files now loaded: 0)
System memory in use before: 82.2 MB.
System memory in use after: 82.3 MB.

Unloading 5 unused Assets to reduce memory usage. Loaded Objects now: 2106.
Total: 1.940800 ms (FindLiveObjects: 0.220500 ms CreateObjectMapping: 0.043600 ms MarkObjects: 1.629600 ms  DeleteObjects: 0.046200 ms)

========================================================================
Received Prepare
Registering precompiled user dll's ...
Registered in 0.000712 seconds.
Begin MonoManager ReloadAssembly
Native extension for WindowsStandalone target not found
Native extension for WebGL target not found
Refreshing native plugins compatible for Editor in 0.47 ms, found 0 plugins.
Preloading 0 native plugins for Editor in 0.00 ms.
Invoked RoslynAnalysisRunner static constructor.
RoslynAnalysisRunner will not be running.
RoslynAnalysisRunner has terminated.
Mono: successfully reloaded assembly
- Completed reload, in  0.684 seconds
Platform modules already initialized, skipping
Refreshing native plugins compatible for Editor in 0.37 ms, found 0 plugins.
Preloading 0 native plugins for Editor in 0.00 ms.
Unloading 1551 Unused Serialized files (Serialized files now loaded: 0)
System memory in use before: 82.2 MB.
System memory in use after: 82.3 MB.

Unloading 5 unused Assets to reduce memory usage. Loaded Objects now: 2108.
Total: 1.777500 ms (FindLiveObjects: 0.179800 ms CreateObjectMapping: 0.036200 ms MarkObjects: 1.516600 ms  DeleteObjects: 0.043800 ms)

========================================================================
Received Prepare
Registering precompiled user dll's ...
Registered in 0.000537 seconds.
Begin MonoManager ReloadAssembly
Native extension for WindowsStandalone target not found
Native extension for WebGL target not found
Refreshing native plugins compatible for Editor in 0.46 ms, found 0 plugins.
Preloading 0 native plugins for Editor in 0.00 ms.
Invoked RoslynAnalysisRunner static constructor.
RoslynAnalysisRunner will not be running.
RoslynAnalysisRunner has terminated.
Mono: successfully reloaded assembly
- Completed reload, in  0.670 seconds
Platform modules already initialized, skipping
Refreshing native plugins compatible for Editor in 0.33 ms, found 0 plugins.
Preloading 0 native plugins for Editor in 0.00 ms.
Unloading 1551 Unused Serialized files (Serialized files now loaded: 0)
System memory in use before: 82.3 MB.
System memory in use after: 82.3 MB.

Unloading 5 unused Assets to reduce memory usage. Loaded Objects now: 2110.
Total: 1.816800 ms (FindLiveObjects: 0.225600 ms CreateObjectMapping: 0.036000 ms MarkObjects: 1.506600 ms  DeleteObjects: 0.046600 ms)

========================================================================
Received Prepare
Registering precompiled user dll's ...
Registered in 0.000765 seconds.
Begin MonoManager ReloadAssembly
Native extension for WindowsStandalone target not found
Native extension for WebGL target not found
Refreshing native plugins compatible for Editor in 0.35 ms, found 0 plugins.
Preloading 0 native plugins for Editor in 0.00 ms.
Invoked RoslynAnalysisRunner static constructor.
RoslynAnalysisRunner will not be running.
RoslynAnalysisRunner has terminated.
Mono: successfully reloaded assembly
- Completed reload, in  0.645 seconds
Platform modules already initialized, skipping
Refreshing native plugins compatible for Editor in 0.34 ms, found 0 plugins.
Preloading 0 native plugins for Editor in 0.00 ms.
Unloading 1551 Unused Serialized files (Serialized files now loaded: 0)
System memory in use before: 82.2 MB.
System memory in use after: 82.3 MB.

Unloading 5 unused Assets to reduce memory usage. Loaded Objects now: 2112.
Total: 1.788100 ms (FindLiveObjects: 0.201500 ms CreateObjectMapping: 0.042100 ms MarkObjects: 1.501100 ms  DeleteObjects: 0.042200 ms)

========================================================================
Received Prepare
Registering precompiled user dll's ...
Registered in 0.000784 seconds.
Begin MonoManager ReloadAssembly
Native extension for WindowsStandalone target not found
Native extension for WebGL target not found
Refreshing native plugins compatible for Editor in 0.34 ms, found 0 plugins.
Preloading 0 native plugins for Editor in 0.00 ms.
Invoked RoslynAnalysisRunner static constructor.
RoslynAnalysisRunner will not be running.
RoslynAnalysisRunner has terminated.
Mono: successfully reloaded assembly
- Completed reload, in  0.631 seconds
Platform modules already initialized, skipping
Refreshing native plugins compatible for Editor in 0.36 ms, found 0 plugins.
Preloading 0 native plugins for Editor in 0.00 ms.
Unloading 1551 Unused Serialized files (Serialized files now loaded: 0)
System memory in use before: 82.3 MB.
System memory in use after: 82.4 MB.

Unloading 5 unused Assets to reduce memory usage. Loaded Objects now: 2114.
Total: 1.725100 ms (FindLiveObjects: 0.203600 ms CreateObjectMapping: 0.036600 ms MarkObjects: 1.440500 ms  DeleteObjects: 0.043000 ms)

========================================================================
Received Prepare
Registering precompiled user dll's ...
Registered in 0.000665 seconds.
Begin MonoManager ReloadAssembly
Native extension for WindowsStandalone target not found
Native extension for WebGL target not found
Refreshing native plugins compatible for Editor in 0.35 ms, found 0 plugins.
Preloading 0 native plugins for Editor in 0.00 ms.
Invoked RoslynAnalysisRunner static constructor.
RoslynAnalysisRunner will not be running.
RoslynAnalysisRunner has terminated.
Mono: successfully reloaded assembly
- Completed reload, in  0.670 seconds
Platform modules already initialized, skipping
Refreshing native plugins compatible for Editor in 0.36 ms, found 0 plugins.
Preloading 0 native plugins for Editor in 0.00 ms.
Unloading 1551 Unused Serialized files (Serialized files now loaded: 0)
System memory in use before: 82.2 MB.
System memory in use after: 82.3 MB.

Unloading 5 unused Assets to reduce memory usage. Loaded Objects now: 2116.
Total: 1.840800 ms (FindLiveObjects: 0.208500 ms CreateObjectMapping: 0.044200 ms MarkObjects: 1.532300 ms  DeleteObjects: 0.055100 ms)

========================================================================
Received Prepare
Registering precompiled user dll's ...
Registered in 0.000669 seconds.
Begin MonoManager ReloadAssembly
Native extension for WindowsStandalone target not found
Native extension for WebGL target not found
Refreshing native plugins compatible for Editor in 0.34 ms, found 0 plugins.
Preloading 0 native plugins for Editor in 0.00 ms.
Invoked RoslynAnalysisRunner static constructor.
RoslynAnalysisRunner will not be running.
RoslynAnalysisRunner has terminated.
Mono: successfully reloaded assembly
- Completed reload, in  0.641 seconds
Platform modules already initialized, skipping
Refreshing native plugins compatible for Editor in 0.40 ms, found 0 plugins.
Preloading 0 native plugins for Editor in 0.00 ms.
Unloading 1551 Unused Serialized files (Serialized files now loaded: 0)
System memory in use before: 82.3 MB.
System memory in use after: 82.4 MB.

Unloading 5 unused Assets to reduce memory usage. Loaded Objects now: 2118.
Total: 2.205000 ms (FindLiveObjects: 0.232100 ms CreateObjectMapping: 0.044000 ms MarkObjects: 1.881900 ms  DeleteObjects: 0.045300 ms)

========================================================================
Received Prepare
Registering precompiled user dll's ...
Registered in 0.000683 seconds.
Begin MonoManager ReloadAssembly
Native extension for WindowsStandalone target not found
Native extension for WebGL target not found
Refreshing native plugins compatible for Editor in 0.39 ms, found 0 plugins.
Preloading 0 native plugins for Editor in 0.00 ms.
Invoked RoslynAnalysisRunner static constructor.
RoslynAnalysisRunner will not be running.
RoslynAnalysisRunner has terminated.
Mono: successfully reloaded assembly
- Completed reload, in  0.694 seconds
Platform modules already initialized, skipping
Refreshing native plugins compatible for Editor in 0.35 ms, found 0 plugins.
Preloading 0 native plugins for Editor in 0.00 ms.
Unloading 1551 Unused Serialized files (Serialized files now loaded: 0)
System memory in use before: 82.3 MB.
System memory in use after: 82.4 MB.

Unloading 5 unused Assets to reduce memory usage. Loaded Objects now: 2120.
Total: 2.175200 ms (FindLiveObjects: 0.192500 ms CreateObjectMapping: 0.035100 ms MarkObjects: 1.887500 ms  DeleteObjects: 0.059000 ms)

========================================================================
Received Prepare
Registering precompiled user dll's ...
Registered in 0.000684 seconds.
Begin MonoManager ReloadAssembly
Native extension for WindowsStandalone target not found
Native extension for WebGL target not found
Refreshing native plugins compatible for Editor in 0.36 ms, found 0 plugins.
Preloading 0 native plugins for Editor in 0.00 ms.
Invoked RoslynAnalysisRunner static constructor.
RoslynAnalysisRunner will not be running.
RoslynAnalysisRunner has terminated.
Mono: successfully reloaded assembly
- Completed reload, in  0.687 seconds
Platform modules already initialized, skipping
Refreshing native plugins compatible for Editor in 0.37 ms, found 0 plugins.
Preloading 0 native plugins for Editor in 0.00 ms.
Unloading 1551 Unused Serialized files (Serialized files now loaded: 0)
System memory in use before: 82.3 MB.
System memory in use after: 82.4 MB.

Unloading 5 unused Assets to reduce memory usage. Loaded Objects now: 2122.
Total: 1.939000 ms (FindLiveObjects: 0.203400 ms CreateObjectMapping: 0.042800 ms MarkObjects: 1.638700 ms  DeleteObjects: 0.052200 ms)

========================================================================
Received Prepare
Registering precompiled user dll's ...
Registered in 0.000628 seconds.
Begin MonoManager ReloadAssembly
Native extension for WindowsStandalone target not found
Native extension for WebGL target not found
Refreshing native plugins compatible for Editor in 0.34 ms, found 0 plugins.
Preloading 0 native plugins for Editor in 0.00 ms.
Invoked RoslynAnalysisRunner static constructor.
RoslynAnalysisRunner will not be running.
RoslynAnalysisRunner has terminated.
Mono: successfully reloaded assembly
- Completed reload, in  0.644 seconds
Platform modules already initialized, skipping
Refreshing native plugins compatible for Editor in 0.34 ms, found 0 plugins.
Preloading 0 native plugins for Editor in 0.00 ms.
Unloading 1551 Unused Serialized files (Serialized files now loaded: 0)
System memory in use before: 82.3 MB.
System memory in use after: 82.4 MB.

Unloading 5 unused Assets to reduce memory usage. Loaded Objects now: 2124.
Total: 1.833900 ms (FindLiveObjects: 0.217200 ms CreateObjectMapping: 0.036400 ms MarkObjects: 1.532300 ms  DeleteObjects: 0.046900 ms)

========================================================================
Received Import Request.
  Time since last request: 281.744558 seconds.
  path: Assets/Scenes/MNU.unity
  artifactKey: Guid(bbd30db614d8b5e4d8b5f6da31eafa19) Importer(815301076,1909f56bfc062723c751e8b465ee728b)
Start importing Assets/Scenes/MNU.unity using Guid(bbd30db614d8b5e4d8b5f6da31eafa19) Importer(815301076,1909f56bfc062723c751e8b465ee728b)  -> (artifact id: 'f5734830a2e96b3c3b00f2113b5d7c55') in 0.014554 seconds
  Import took 0.017867 seconds .

========================================================================
Received Prepare
Registering precompiled user dll's ...
Registered in 0.000624 seconds.
Begin MonoManager ReloadAssembly
Native extension for WindowsStandalone target not found
Native extension for WebGL target not found
Refreshing native plugins compatible for Editor in 0.36 ms, found 0 plugins.
Preloading 0 native plugins for Editor in 0.00 ms.
Invoked RoslynAnalysisRunner static constructor.
RoslynAnalysisRunner will not be running.
RoslynAnalysisRunner has terminated.
Mono: successfully reloaded assembly
- Completed reload, in  0.635 seconds
Platform modules already initialized, skipping
Refreshing native plugins compatible for Editor in 0.39 ms, found 0 plugins.
Preloading 0 native plugins for Editor in 0.00 ms.
Unloading 1551 Unused Serialized files (Serialized files now loaded: 0)
System memory in use before: 82.3 MB.
System memory in use after: 82.4 MB.

Unloading 5 unused Assets to reduce memory usage. Loaded Objects now: 2126.
Total: 1.843300 ms (FindLiveObjects: 0.194200 ms CreateObjectMapping: 0.038200 ms MarkObjects: 1.562200 ms  DeleteObjects: 0.047800 ms)

========================================================================
Received Prepare
Registering precompiled user dll's ...
Registered in 0.000892 seconds.
Begin MonoManager ReloadAssembly
Native extension for WindowsStandalone target not found
Native extension for WebGL target not found
Refreshing native plugins compatible for Editor in 0.35 ms, found 0 plugins.
Preloading 0 native plugins for Editor in 0.00 ms.
Invoked RoslynAnalysisRunner static constructor.
RoslynAnalysisRunner will not be running.
RoslynAnalysisRunner has terminated.
Mono: successfully reloaded assembly
- Completed reload, in  0.703 seconds
Platform modules already initialized, skipping
Refreshing native plugins compatible for Editor in 0.33 ms, found 0 plugins.
Preloading 0 native plugins for Editor in 0.00 ms.
Unloading 1551 Unused Serialized files (Serialized files now loaded: 0)
System memory in use before: 82.3 MB.
System memory in use after: 82.4 MB.

Unloading 5 unused Assets to reduce memory usage. Loaded Objects now: 2128.
Total: 2.099000 ms (FindLiveObjects: 0.210300 ms CreateObjectMapping: 0.038800 ms MarkObjects: 1.792700 ms  DeleteObjects: 0.056200 ms)

========================================================================
Received Prepare
Registering precompiled user dll's ...
Registered in 0.000757 seconds.
Begin MonoManager ReloadAssembly
Native extension for WindowsStandalone target not found
Native extension for WebGL target not found
Refreshing native plugins compatible for Editor in 0.38 ms, found 0 plugins.
Preloading 0 native plugins for Editor in 0.00 ms.
Invoked RoslynAnalysisRunner static constructor.
RoslynAnalysisRunner will not be running.
RoslynAnalysisRunner has terminated.
Mono: successfully reloaded assembly
- Completed reload, in  0.673 seconds
Platform modules already initialized, skipping
Refreshing native plugins compatible for Editor in 0.35 ms, found 0 plugins.
Preloading 0 native plugins for Editor in 0.00 ms.
Unloading 1551 Unused Serialized files (Serialized files now loaded: 0)
System memory in use before: 82.2 MB.
System memory in use after: 82.3 MB.

Unloading 5 unused Assets to reduce memory usage. Loaded Objects now: 2130.
Total: 1.923900 ms (FindLiveObjects: 0.201000 ms CreateObjectMapping: 0.043800 ms MarkObjects: 1.631900 ms  DeleteObjects: 0.046000 ms)

========================================================================
Received Prepare
Registering precompiled user dll's ...
Registered in 0.000790 seconds.
Begin MonoManager ReloadAssembly
Native extension for WindowsStandalone target not found
Native extension for WebGL target not found
Refreshing native plugins compatible for Editor in 0.38 ms, found 0 plugins.
Preloading 0 native plugins for Editor in 0.00 ms.
Invoked RoslynAnalysisRunner static constructor.
RoslynAnalysisRunner will not be running.
RoslynAnalysisRunner has terminated.
Mono: successfully reloaded assembly
- Completed reload, in  0.720 seconds
Platform modules already initialized, skipping
Refreshing native plugins compatible for Editor in 0.35 ms, found 0 plugins.
Preloading 0 native plugins for Editor in 0.00 ms.
Unloading 1551 Unused Serialized files (Serialized files now loaded: 0)
System memory in use before: 82.3 MB.
System memory in use after: 82.4 MB.

Unloading 5 unused Assets to reduce memory usage. Loaded Objects now: 2132.
Total: 1.854800 ms (FindLiveObjects: 0.194500 ms CreateObjectMapping: 0.039100 ms MarkObjects: 1.571500 ms  DeleteObjects: 0.048900 ms)

========================================================================
Received Prepare
Refreshing native plugins compatible for Editor in 0.86 ms, found 0 plugins.
Preloading 0 native plugins for Editor in 0.00 ms.
Unloading 3 Unused Serialized files (Serialized files now loaded: 0)
System memory in use before: 51.7 MB.
System memory in use after: 51.8 MB.

Unloading 3 unused Assets to reduce memory usage. Loaded Objects now: 2132.
Total: 1.938900 ms (FindLiveObjects: 0.208200 ms CreateObjectMapping: 0.039600 ms MarkObjects: 1.642000 ms  DeleteObjects: 0.048300 ms)

========================================================================
Received Prepare
Registering precompiled user dll's ...
Registered in 0.000541 seconds.
Begin MonoManager ReloadAssembly
Native extension for WindowsStandalone target not found
Native extension for WebGL target not found
Refreshing native plugins compatible for Editor in 0.34 ms, found 0 plugins.
Preloading 0 native plugins for Editor in 0.00 ms.
Invoked RoslynAnalysisRunner static constructor.
RoslynAnalysisRunner will not be running.
RoslynAnalysisRunner has terminated.
Mono: successfully reloaded assembly
- Completed reload, in  0.633 seconds
Platform modules already initialized, skipping
Refreshing native plugins compatible for Editor in 0.34 ms, found 0 plugins.
Preloading 0 native plugins for Editor in 0.00 ms.
Unloading 1551 Unused Serialized files (Serialized files now loaded: 0)
System memory in use before: 82.3 MB.
System memory in use after: 82.4 MB.

Unloading 5 unused Assets to reduce memory usage. Loaded Objects now: 2134.
Total: 1.828900 ms (FindLiveObjects: 0.177500 ms CreateObjectMapping: 0.037200 ms MarkObjects: 1.567700 ms  DeleteObjects: 0.045600 ms)

========================================================================
Received Import Request.
  Time since last request: 318.346697 seconds.
  path: Assets/Scenes/Level_2.unity
  artifactKey: Guid(ce507945ac27bab44b41b7ae4f12be67) Importer(815301076,1909f56bfc062723c751e8b465ee728b)
Start importing Assets/Scenes/Level_2.unity using Guid(ce507945ac27bab44b41b7ae4f12be67) Importer(815301076,1909f56bfc062723c751e8b465ee728b)  -> (artifact id: '8be23f05c10e00da75c1df0bf621dcd0') in 0.014658 seconds
  Import took 0.020062 seconds .

========================================================================
Received Prepare
Registering precompiled user dll's ...
Registered in 0.000713 seconds.
Begin MonoManager ReloadAssembly
Native extension for WindowsStandalone target not found
Native extension for WebGL target not found
Refreshing native plugins compatible for Editor in 0.34 ms, found 0 plugins.
Preloading 0 native plugins for Editor in 0.00 ms.
Invoked RoslynAnalysisRunner static constructor.
RoslynAnalysisRunner will not be running.
RoslynAnalysisRunner has terminated.
Mono: successfully reloaded assembly
- Completed reload, in  0.628 seconds
Platform modules already initialized, skipping
Refreshing native plugins compatible for Editor in 0.34 ms, found 0 plugins.
Preloading 0 native plugins for Editor in 0.00 ms.
Unloading 1551 Unused Serialized files (Serialized files now loaded: 0)
System memory in use before: 82.4 MB.
System memory in use after: 82.4 MB.

Unloading 5 unused Assets to reduce memory usage. Loaded Objects now: 2136.
Total: 1.734400 ms (FindLiveObjects: 0.197400 ms CreateObjectMapping: 0.042000 ms MarkObjects: 1.452900 ms  DeleteObjects: 0.041300 ms)

========================================================================
Received Import Request.
  Time since last request: 29.862168 seconds.
  path: Assets/Scenes/Level_3.unity
  artifactKey: Guid(0eb75e6ea1bb39f4f8a44771b7e3569d) Importer(815301076,1909f56bfc062723c751e8b465ee728b)
Start importing Assets/Scenes/Level_3.unity using Guid(0eb75e6ea1bb39f4f8a44771b7e3569d) Importer(815301076,1909f56bfc062723c751e8b465ee728b)  -> (artifact id: '3afe9ffd66cdc82abf7e79c90010aa8d') in 0.016854 seconds
  Import took 0.021674 seconds .

========================================================================
Received Import Request.
  Time since last request: 13.982957 seconds.
  path: Assets/Scenes/END.unity
  artifactKey: Guid(1d731b531c10f6e4993b76312aea0c43) Importer(815301076,1909f56bfc062723c751e8b465ee728b)
Start importing Assets/Scenes/END.unity using Guid(1d731b531c10f6e4993b76312aea0c43) Importer(815301076,1909f56bfc062723c751e8b465ee728b)  -> (artifact id: '0f6f65863f977223d28fba7311dc445c') in 0.006598 seconds
  Import took 0.011255 seconds .

========================================================================
Received Import Request.
  Time since last request: 3.050584 seconds.
  path: Assets/Scenes/Level_1.unity
  artifactKey: Guid(3eab6fe5a5e8d0849b8dec0592bcd4f8) Importer(815301076,1909f56bfc062723c751e8b465ee728b)
Start importing Assets/Scenes/Level_1.unity using Guid(3eab6fe5a5e8d0849b8dec0592bcd4f8) Importer(815301076,1909f56bfc062723c751e8b465ee728b)  -> (artifact id: '6cd8749a9565d63d2a55a057af325b12') in 0.006353 seconds
  Import took 0.010447 seconds .

========================================================================
Received Import Request.
  Time since last request: 2.478372 seconds.
  path: Assets/Scenes/Level_3.unity
  artifactKey: Guid(0eb75e6ea1bb39f4f8a44771b7e3569d) Importer(815301076,1909f56bfc062723c751e8b465ee728b)
Start importing Assets/Scenes/Level_3.unity using Guid(0eb75e6ea1bb39f4f8a44771b7e3569d) Importer(815301076,1909f56bfc062723c751e8b465ee728b)  -> (artifact id: '2db1813d7296ed0f73644c86710ca02e') in 0.002356 seconds
  Import took 0.004905 seconds .

========================================================================
Received Import Request.
  Time since last request: 14.270445 seconds.
  path: Assets/Prefabs/_GameManager.prefab
  artifactKey: Guid(a305f4ed21ec80249b35a60bd1f01853) Importer(815301076,1909f56bfc062723c751e8b465ee728b)
Start importing Assets/Prefabs/_GameManager.prefab using Guid(a305f4ed21ec80249b35a60bd1f01853) Importer(815301076,1909f56bfc062723c751e8b465ee728b)  -> (artifact id: 'bb2365d4b20d94909f595c9c116f50d0') in 0.018021 seconds
  Import took 0.023539 seconds .

========================================================================
Received Import Request.
  Time since last request: 1.267287 seconds.
  path: Assets/Prefabs/Player/Main Camera.prefab
  artifactKey: Guid(d154ff4511f43d24392182a16927aa7a) Importer(815301076,1909f56bfc062723c751e8b465ee728b)
Start importing Assets/Prefabs/Player/Main Camera.prefab using Guid(d154ff4511f43d24392182a16927aa7a) Importer(815301076,1909f56bfc062723c751e8b465ee728b)  -> (artifact id: 'b4715a1731f5c4af9224fac8ea8537d7') in 0.007837 seconds
  Import took 0.011899 seconds .

========================================================================
Received Import Request.
  Time since last request: 0.000220 seconds.
  path: Assets/Prefabs/Player/Player 1 1.prefab
  artifactKey: Guid(9c505966d9459b248b251270d3e1fae0) Importer(815301076,1909f56bfc062723c751e8b465ee728b)
Start importing Assets/Prefabs/Player/Player 1 1.prefab using Guid(9c505966d9459b248b251270d3e1fae0) Importer(815301076,1909f56bfc062723c751e8b465ee728b)  -> (artifact id: '34bc486c03cb138070544df13435df64') in 0.038192 seconds
  Import took 0.041284 seconds .

========================================================================
Received Import Request.
  Time since last request: 0.000223 seconds.
  path: Assets/Prefabs/Player/Main Camera.prefab
  artifactKey: Guid(d154ff4511f43d24392182a16927aa7a) Importer(815301076,1909f56bfc062723c751e8b465ee728b)
Start importing Assets/Prefabs/Player/Main Camera.prefab using Guid(d154ff4511f43d24392182a16927aa7a) Importer(815301076,1909f56bfc062723c751e8b465ee728b)  -> (artifact id: 'b4715a1731f5c4af9224fac8ea8537d7') in 0.003127 seconds
  Import took 0.005700 seconds .

========================================================================
Received Import Request.
  Time since last request: 0.000219 seconds.
  path: Assets/Prefabs/Player/Player 1.prefab
  artifactKey: Guid(4f4c029c15b7cf8439b329df17680a26) Importer(815301076,1909f56bfc062723c751e8b465ee728b)
Start importing Assets/Prefabs/Player/Player 1.prefab using Guid(4f4c029c15b7cf8439b329df17680a26) Importer(815301076,1909f56bfc062723c751e8b465ee728b)  -> (artifact id: '2918063c114467ee9919e2aaf3efea42') in 0.022442 seconds
  Import took 0.025596 seconds .

========================================================================
Received Import Request.
  Time since last request: 8.286703 seconds.
  path: Assets/Scenes/Level_2.unity
  artifactKey: Guid(ce507945ac27bab44b41b7ae4f12be67) Importer(815301076,1909f56bfc062723c751e8b465ee728b)
Start importing Assets/Scenes/Level_2.unity using Guid(ce507945ac27bab44b41b7ae4f12be67) Importer(815301076,1909f56bfc062723c751e8b465ee728b)  -> (artifact id: 'a6826c7e571c36777470171739e47248') in 0.002757 seconds
  Import took 0.007153 seconds .

========================================================================
Received Import Request.
  Time since last request: 0.000463 seconds.
  path: Assets/Scenes/Level_2.unity
  artifactKey: Guid(ce507945ac27bab44b41b7ae4f12be67) Importer(815301076,1909f56bfc062723c751e8b465ee728b)
Start importing Assets/Scenes/Level_2.unity using Guid(ce507945ac27bab44b41b7ae4f12be67) Importer(815301076,1909f56bfc062723c751e8b465ee728b)  -> (artifact id: 'a6826c7e571c36777470171739e47248') in 0.002169 seconds
  Import took 0.004266 seconds .

========================================================================
Received Prepare
Registering precompiled user dll's ...
Registered in 0.000610 seconds.
Begin MonoManager ReloadAssembly
Native extension for WindowsStandalone target not found
Native extension for WebGL target not found
Refreshing native plugins compatible for Editor in 0.34 ms, found 0 plugins.
Preloading 0 native plugins for Editor in 0.00 ms.
Invoked RoslynAnalysisRunner static constructor.
RoslynAnalysisRunner will not be running.
RoslynAnalysisRunner has terminated.
Mono: successfully reloaded assembly
- Completed reload, in  0.636 seconds
Platform modules already initialized, skipping
Refreshing native plugins compatible for Editor in 0.35 ms, found 0 plugins.
Preloading 0 native plugins for Editor in 0.00 ms.
Unloading 1551 Unused Serialized files (Serialized files now loaded: 0)
System memory in use before: 82.4 MB.
System memory in use after: 82.5 MB.

Unloading 6 unused Assets to reduce memory usage. Loaded Objects now: 2139.
Total: 1.768800 ms (FindLiveObjects: 0.201800 ms CreateObjectMapping: 0.043000 ms MarkObjects: 1.477500 ms  DeleteObjects: 0.045800 ms)

========================================================================
Received Import Request.
  Time since last request: 117.342777 seconds.
  path: Assets/Scenes/Level_3.unity
  artifactKey: Guid(0eb75e6ea1bb39f4f8a44771b7e3569d) Importer(815301076,1909f56bfc062723c751e8b465ee728b)
Start importing Assets/Scenes/Level_3.unity using Guid(0eb75e6ea1bb39f4f8a44771b7e3569d) Importer(815301076,1909f56bfc062723c751e8b465ee728b)  -> (artifact id: 'f2076ac8116b04196056448e002a12af') in 0.013414 seconds
  Import took 0.018097 seconds .

========================================================================
Received Prepare
Registering precompiled user dll's ...
Registered in 0.000708 seconds.
Begin MonoManager ReloadAssembly
Native extension for WindowsStandalone target not found
Native extension for WebGL target not found
Refreshing native plugins compatible for Editor in 0.33 ms, found 0 plugins.
Preloading 0 native plugins for Editor in 0.00 ms.
Invoked RoslynAnalysisRunner static constructor.
RoslynAnalysisRunner will not be running.
RoslynAnalysisRunner has terminated.
Mono: successfully reloaded assembly
- Completed reload, in  0.649 seconds
Platform modules already initialized, skipping
Refreshing native plugins compatible for Editor in 0.39 ms, found 0 plugins.
Preloading 0 native plugins for Editor in 0.00 ms.
Unloading 1551 Unused Serialized files (Serialized files now loaded: 0)
System memory in use before: 82.3 MB.
System memory in use after: 82.4 MB.

Unloading 5 unused Assets to reduce memory usage. Loaded Objects now: 2141.
Total: 1.754300 ms (FindLiveObjects: 0.209300 ms CreateObjectMapping: 0.035700 ms MarkObjects: 1.463900 ms  DeleteObjects: 0.044500 ms)

========================================================================
Received Prepare
Registering precompiled user dll's ...
Registered in 0.000598 seconds.
Begin MonoManager ReloadAssembly
Native extension for WindowsStandalone target not found
Native extension for WebGL target not found
Refreshing native plugins compatible for Editor in 0.34 ms, found 0 plugins.
Preloading 0 native plugins for Editor in 0.00 ms.
Invoked RoslynAnalysisRunner static constructor.
RoslynAnalysisRunner will not be running.
RoslynAnalysisRunner has terminated.
Mono: successfully reloaded assembly
- Completed reload, in  0.701 seconds
Platform modules already initialized, skipping
Refreshing native plugins compatible for Editor in 0.33 ms, found 0 plugins.
Preloading 0 native plugins for Editor in 0.00 ms.
Unloading 1551 Unused Serialized files (Serialized files now loaded: 0)
System memory in use before: 82.4 MB.
System memory in use after: 82.5 MB.

Unloading 5 unused Assets to reduce memory usage. Loaded Objects now: 2143.
Total: 2.306400 ms (FindLiveObjects: 0.254400 ms CreateObjectMapping: 0.044600 ms MarkObjects: 1.947800 ms  DeleteObjects: 0.058300 ms)

========================================================================
Received Import Request.
  Time since last request: 31.571791 seconds.
  path: Assets/Scenes/END.unity
  artifactKey: Guid(1d731b531c10f6e4993b76312aea0c43) Importer(815301076,1909f56bfc062723c751e8b465ee728b)
Start importing Assets/Scenes/END.unity using Guid(1d731b531c10f6e4993b76312aea0c43) Importer(815301076,1909f56bfc062723c751e8b465ee728b)  -> (artifact id: 'bef9079dad17270ff5bc26ecd34310e5') in 0.010552 seconds
  Import took 0.015516 seconds .

========================================================================
Received Import Request.
  Time since last request: 20.089824 seconds.
  path: Assets/Scenes/Nav_mesh.unity
  artifactKey: Guid(ce24c63163236964ba48825ea8ab26e3) Importer(815301076,1909f56bfc062723c751e8b465ee728b)
Start importing Assets/Scenes/Nav_mesh.unity using Guid(ce24c63163236964ba48825ea8ab26e3) Importer(815301076,1909f56bfc062723c751e8b465ee728b)  -> (artifact id: 'd38e10f2c468cfd961117d313ef43675') in 0.006488 seconds
  Import took 0.011778 seconds .

========================================================================
Received Prepare
Registering precompiled user dll's ...
Registered in 0.000643 seconds.
Begin MonoManager ReloadAssembly
Native extension for WindowsStandalone target not found
Native extension for WebGL target not found
Refreshing native plugins compatible for Editor in 0.45 ms, found 0 plugins.
Preloading 0 native plugins for Editor in 0.00 ms.
Invoked RoslynAnalysisRunner static constructor.
RoslynAnalysisRunner will not be running.
RoslynAnalysisRunner has terminated.
Mono: successfully reloaded assembly
- Completed reload, in  0.792 seconds
Platform modules already initialized, skipping
Refreshing native plugins compatible for Editor in 0.33 ms, found 0 plugins.
Preloading 0 native plugins for Editor in 0.00 ms.
Unloading 1551 Unused Serialized files (Serialized files now loaded: 0)
System memory in use before: 82.5 MB.
System memory in use after: 82.5 MB.

Unloading 5 unused Assets to reduce memory usage. Loaded Objects now: 2145.
Total: 1.840900 ms (FindLiveObjects: 0.206300 ms CreateObjectMapping: 0.038500 ms MarkObjects: 1.545000 ms  DeleteObjects: 0.050400 ms)

========================================================================
Received Prepare
Registering precompiled user dll's ...
Registered in 0.000713 seconds.
Begin MonoManager ReloadAssembly
Native extension for WindowsStandalone target not found
Native extension for WebGL target not found
Refreshing native plugins compatible for Editor in 0.35 ms, found 0 plugins.
Preloading 0 native plugins for Editor in 0.00 ms.
Invoked RoslynAnalysisRunner static constructor.
RoslynAnalysisRunner will not be running.
RoslynAnalysisRunner has terminated.
Mono: successfully reloaded assembly
- Completed reload, in  0.689 seconds
Platform modules already initialized, skipping
Refreshing native plugins compatible for Editor in 0.39 ms, found 0 plugins.
Preloading 0 native plugins for Editor in 0.00 ms.
Unloading 1551 Unused Serialized files (Serialized files now loaded: 0)
System memory in use before: 82.5 MB.
System memory in use after: 82.5 MB.

Unloading 5 unused Assets to reduce memory usage. Loaded Objects now: 2147.
Total: 1.834700 ms (FindLiveObjects: 0.203300 ms CreateObjectMapping: 0.037100 ms MarkObjects: 1.543000 ms  DeleteObjects: 0.050200 ms)

========================================================================
Received Prepare
Registering precompiled user dll's ...
Registered in 0.000705 seconds.
Begin MonoManager ReloadAssembly
Native extension for WindowsStandalone target not found
Native extension for WebGL target not found
Refreshing native plugins compatible for Editor in 0.34 ms, found 0 plugins.
Preloading 0 native plugins for Editor in 0.00 ms.
Invoked RoslynAnalysisRunner static constructor.
RoslynAnalysisRunner will not be running.
RoslynAnalysisRunner has terminated.
Mono: successfully reloaded assembly
- Completed reload, in  0.651 seconds
Platform modules already initialized, skipping
Refreshing native plugins compatible for Editor in 0.46 ms, found 0 plugins.
Preloading 0 native plugins for Editor in 0.00 ms.
Unloading 1551 Unused Serialized files (Serialized files now loaded: 0)
System memory in use before: 82.4 MB.
System memory in use after: 82.5 MB.

Unloading 5 unused Assets to reduce memory usage. Loaded Objects now: 2149.
Total: 1.774400 ms (FindLiveObjects: 0.205200 ms CreateObjectMapping: 0.036800 ms MarkObjects: 1.487300 ms  DeleteObjects: 0.044300 ms)

========================================================================
Received Import Request.
  Time since last request: 136.341632 seconds.
  path: Assets/Scenes/Level_1.unity
  artifactKey: Guid(3eab6fe5a5e8d0849b8dec0592bcd4f8) Importer(815301076,1909f56bfc062723c751e8b465ee728b)
Start importing Assets/Scenes/Level_1.unity using Guid(3eab6fe5a5e8d0849b8dec0592bcd4f8) Importer(815301076,1909f56bfc062723c751e8b465ee728b)  -> (artifact id: '86ad2d9a9b97872a419746059376e1ae') in 0.012203 seconds
  Import took 0.016892 seconds .

========================================================================
Received Import Request.
  Time since last request: 9.357949 seconds.
  path: Assets/Scenes/Level_2.unity
  artifactKey: Guid(ce507945ac27bab44b41b7ae4f12be67) Importer(815301076,1909f56bfc062723c751e8b465ee728b)
Start importing Assets/Scenes/Level_2.unity using Guid(ce507945ac27bab44b41b7ae4f12be67) Importer(815301076,1909f56bfc062723c751e8b465ee728b)  -> (artifact id: '3a3d00cfe98ac428aec61d0d3ff26609') in 0.002494 seconds
  Import took 0.007525 seconds .

========================================================================
Received Import Request.
  Time since last request: 6.501909 seconds.
  path: Assets/Scenes/END.unity
  artifactKey: Guid(1d731b531c10f6e4993b76312aea0c43) Importer(815301076,1909f56bfc062723c751e8b465ee728b)
Start importing Assets/Scenes/END.unity using Guid(1d731b531c10f6e4993b76312aea0c43) Importer(815301076,1909f56bfc062723c751e8b465ee728b)  -> (artifact id: '1f09275ebc15c8cc52859956ee3007b5') in 0.002445 seconds
  Import took 0.005556 seconds .

========================================================================
Received Import Request.
  Time since last request: 15.997594 seconds.
  path: Assets/Scenes/Level_2.unity
  artifactKey: Guid(ce507945ac27bab44b41b7ae4f12be67) Importer(815301076,1909f56bfc062723c751e8b465ee728b)
Start importing Assets/Scenes/Level_2.unity using Guid(ce507945ac27bab44b41b7ae4f12be67) Importer(815301076,1909f56bfc062723c751e8b465ee728b)  -> (artifact id: '4de7a1327305dcc415495e29927638da') in 0.002746 seconds
  Import took 0.007068 seconds .

========================================================================
Received Import Request.
  Time since last request: 0.000985 seconds.
  path: Assets/Scenes/Level_2.unity
  artifactKey: Guid(ce507945ac27bab44b41b7ae4f12be67) Importer(815301076,1909f56bfc062723c751e8b465ee728b)
Start importing Assets/Scenes/Level_2.unity using Guid(ce507945ac27bab44b41b7ae4f12be67) Importer(815301076,1909f56bfc062723c751e8b465ee728b)  -> (artifact id: '4de7a1327305dcc415495e29927638da') in 0.002471 seconds
  Import took 0.005042 seconds .

